# JRE version: OpenJDK Runtime Environment (8.0_212) (build 1.8.0_212-8u-04)
# Java VM: OpenJDK 64-Bit Server VM (25.212-b04 mixed mode windows-amd64 compressed oops)
Heap:
 PSYoungGen      total 56320K, used 47117K [0x0000000781700000, 0x0000000785580000, 0x00000007c0000000)
  eden space 48640K, 96% used [0x0000000781700000,0x0000000784503528,0x0000000784680000)
  from space 7680K, 0% used [0x0000000784680000,0x0000000784680000,0x0000000784e00000)
  to   space 7680K, 0% used [0x0000000784e00000,0x0000000784e00000,0x0000000785580000)
 ParOldGen       total 115712K, used 33867K [0x0000000704400000, 0x000000070b500000, 0x0000000781700000)
  object space 115712K, 29% used [0x0000000704400000,0x0000000706512ca8,0x000000070b500000)
 Metaspace       used 22906K, capacity 23572K, committed 23808K, reserved 1071104K
  class space    used 2569K, capacity 2808K, committed 2816K, reserved 1048576K
GC Heap History (10 events):
Event: 3.703 GC heap before
{Heap before GC invocations=6 (full 0):
 PSYoungGen      total 56320K, used 56304K [0x0000000781700000, 0x0000000785580000, 0x00000007c0000000)
  eden space 48640K, 100% used [0x0000000781700000,0x0000000784680000,0x0000000784680000)
  from space 7680K, 99% used [0x0000000784680000,0x0000000784dfc030,0x0000000784e00000)
  to   space 7680K, 0% used [0x0000000784e00000,0x0000000784e00000,0x0000000785580000)
 ParOldGen       total 128512K, used 15893K [0x0000000704400000, 0x000000070c180000, 0x0000000781700000)
  object space 128512K, 12% used [0x0000000704400000,0x0000000705385628,0x000000070c180000)
 Metaspace       used 16163K, capacity 16400K, committed 16512K, reserved 1064960K
  class space    used 1825K, capacity 1920K, committed 1920K, reserved 1048576K
Event: 3.719 GC heap after
Heap after GC invocations=6 (full 0):
 PSYoungGen      total 56320K, used 7648K [0x0000000781700000, 0x0000000785580000, 0x00000007c0000000)
  eden space 48640K, 0% used [0x0000000781700000,0x0000000781700000,0x0000000784680000)
  from space 7680K, 99% used [0x0000000784e00000,0x0000000785578020,0x0000000785580000)
  to   space 7680K, 0% used [0x0000000784680000,0x0000000784680000,0x0000000784e00000)
 ParOldGen       total 128512K, used 20757K [0x0000000704400000, 0x000000070c180000, 0x0000000781700000)
  object space 128512K, 16% used [0x0000000704400000,0x0000000705845628,0x000000070c180000)
 Metaspace       used 16163K, capacity 16400K, committed 16512K, reserved 1064960K
  class space    used 1825K, capacity 1920K, committed 1920K, reserved 1048576K
}
Event: 4.455 GC heap before
{Heap before GC invocations=7 (full 0):
 PSYoungGen      total 56320K, used 56288K [0x0000000781700000, 0x0000000785580000, 0x00000007c0000000)
  eden space 48640K, 100% used [0x0000000781700000,0x0000000784680000,0x0000000784680000)
  from space 7680K, 99% used [0x0000000784e00000,0x0000000785578020,0x0000000785580000)
  to   space 7680K, 0% used [0x0000000784680000,0x0000000784680000,0x0000000784e00000)
 ParOldGen       total 128512K, used 20757K [0x0000000704400000, 0x000000070c180000, 0x0000000781700000)
  object space 128512K, 16% used [0x0000000704400000,0x0000000705845628,0x000000070c180000)
 Metaspace       used 16399K, capacity 16706K, committed 16896K, reserved 1064960K
  class space    used 1844K, capacity 1954K, committed 2048K, reserved 1048576K
Event: 4.472 GC heap after
Heap after GC invocations=7 (full 0):
 PSYoungGen      total 56320K, used 7680K [0x0000000781700000, 0x0000000785580000, 0x00000007c0000000)
  eden space 48640K, 0% used [0x0000000781700000,0x0000000781700000,0x0000000784680000)
  from space 7680K, 100% used [0x0000000784680000,0x0000000784e00000,0x0000000784e00000)
  to   space 7680K, 0% used [0x0000000784e00000,0x0000000784e00000,0x0000000785580000)
 ParOldGen       total 128512K, used 26005K [0x0000000704400000, 0x000000070c180000, 0x0000000781700000)
  object space 128512K, 20% used [0x0000000704400000,0x0000000705d65418,0x000000070c180000)
 Metaspace       used 16399K, capacity 16706K, committed 16896K, reserved 1064960K
  class space    used 1844K, capacity 1954K, committed 2048K, reserved 1048576K
}
Event: 4.906 GC heap before
{Heap before GC invocations=8 (full 0):
 PSYoungGen      total 56320K, used 56320K [0x0000000781700000, 0x0000000785580000, 0x00000007c0000000)
  eden space 48640K, 100% used [0x0000000781700000,0x0000000784680000,0x0000000784680000)
  from space 7680K, 100% used [0x0000000784680000,0x0000000784e00000,0x0000000784e00000)
  to   space 7680K, 0% used [0x0000000784e00000,0x0000000784e00000,0x0000000785580000)
 ParOldGen       total 128512K, used 26005K [0x0000000704400000, 0x000000070c180000, 0x0000000781700000)
  object space 128512K, 20% used [0x0000000704400000,0x0000000705d65418,0x000000070c180000)
 Metaspace       used 16981K, capacity 17352K, committed 17408K, reserved 1064960K
  class space    used 1919K, capacity 2024K, committed 2048K, reserved 1048576K
Event: 4.922 GC heap after
Heap after GC invocations=8 (full 0):
 PSYoungGen      total 56320K, used 7680K [0x0000000781700000, 0x0000000785580000, 0x00000007c0000000)
  eden space 48640K, 0% used [0x0000000781700000,0x0000000781700000,0x0000000784680000)
  from space 7680K, 100% used [0x0000000784e00000,0x0000000785580000,0x0000000785580000)
  to   space 7680K, 0% used [0x0000000784680000,0x0000000784680000,0x0000000784e00000)
 ParOldGen       total 128512K, used 29419K [0x0000000704400000, 0x000000070c180000, 0x0000000781700000)
  object space 128512K, 22% used [0x0000000704400000,0x00000007060bafe0,0x000000070c180000)
 Metaspace       used 16981K, capacity 17352K, committed 17408K, reserved 1064960K
  class space    used 1919K, capacity 2024K, committed 2048K, reserved 1048576K
}
Event: 5.366 GC heap before
{Heap before GC invocations=9 (full 0):
 PSYoungGen      total 56320K, used 37755K [0x0000000781700000, 0x0000000785580000, 0x00000007c0000000)
  eden space 48640K, 61% used [0x0000000781700000,0x000000078345ef90,0x0000000784680000)
  from space 7680K, 100% used [0x0000000784e00000,0x0000000785580000,0x0000000785580000)
  to   space 7680K, 0% used [0x0000000784680000,0x0000000784680000,0x0000000784e00000)
 ParOldGen       total 128512K, used 29419K [0x0000000704400000, 0x000000070c180000, 0x0000000781700000)
  object space 128512K, 22% used [0x0000000704400000,0x00000007060bafe0,0x000000070c180000)
 Metaspace       used 20731K, capacity 21140K, committed 21296K, reserved 1069056K
  class space    used 2252K, capacity 2352K, committed 2432K, reserved 1048576K
Event: 5.380 GC heap after
Heap after GC invocations=9 (full 0):
 PSYoungGen      total 56320K, used 7680K [0x0000000781700000, 0x0000000785580000, 0x00000007c0000000)
  eden space 48640K, 0% used [0x0000000781700000,0x0000000781700000,0x0000000784680000)
  from space 7680K, 100% used [0x0000000784680000,0x0000000784e00000,0x0000000784e00000)
  to   space 7680K, 0% used [0x0000000784e00000,0x0000000784e00000,0x0000000785580000)
 ParOldGen       total 128512K, used 33042K [0x0000000704400000, 0x000000070c180000, 0x0000000781700000)
  object space 128512K, 25% used [0x0000000704400000,0x0000000706444ae8,0x000000070c180000)
 Metaspace       used 20731K, capacity 21140K, committed 21296K, reserved 1069056K
  class space    used 2252K, capacity 2352K, committed 2432K, reserved 1048576K
}
Event: 5.380 GC heap before
{Heap before GC invocations=10 (full 1):
 PSYoungGen      total 56320K, used 7680K [0x0000000781700000, 0x0000000785580000, 0x00000007c0000000)
  eden space 48640K, 0% used [0x0000000781700000,0x0000000781700000,0x0000000784680000)
  from space 7680K, 100% used [0x0000000784680000,0x0000000784e00000,0x0000000784e00000)
  to   space 7680K, 0% used [0x0000000784e00000,0x0000000784e00000,0x0000000785580000)
 ParOldGen       total 128512K, used 33042K [0x0000000704400000, 0x000000070c180000, 0x0000000781700000)
  object space 128512K, 25% used [0x0000000704400000,0x0000000706444ae8,0x000000070c180000)
 Metaspace       used 20731K, capacity 21140K, committed 21296K, reserved 1069056K
  class space    used 2252K, capacity 2352K, committed 2432K, reserved 1048576K
Event: 5.560 GC heap after
Heap after GC invocations=10 (full 1):
 PSYoungGen      total 56320K, used 0K [0x0000000781700000, 0x0000000785580000, 0x00000007c0000000)
  eden space 48640K, 0% used [0x0000000781700000,0x0000000781700000,0x0000000784680000)
  from space 7680K, 0% used [0x0000000784680000,0x0000000784680000,0x0000000784e00000)
  to   space 7680K, 0% used [0x0000000784e00000,0x0000000784e00000,0x0000000785580000)
 ParOldGen       total 115712K, used 33867K [0x0000000704400000, 0x000000070b500000, 0x0000000781700000)
  object space 115712K, 29% used [0x0000000704400000,0x0000000706512ca8,0x000000070b500000)
 Metaspace       used 20731K, capacity 21140K, committed 21296K, reserved 1069056K
  class space    used 2252K, capacity 2352K, committed 2432K, reserved 1048576K
}

