# JRE version: OpenJDK Runtime Environment (8.0_212) (build 1.8.0_212-8u-04)
# Java VM: OpenJDK 64-Bit Server VM (25.212-b04 mixed mode windows-amd64 compressed oops)
Heap:
 PSYoungGen      total 56320K, used 36811K [0x0000000781700000, 0x0000000788500000, 0x00000007c0000000)
  eden space 48640K, 59% used [0x0000000781700000,0x000000078337acd8,0x0000000784680000)
  from space 7680K, 99% used [0x0000000784e00000,0x0000000785578020,0x0000000785580000)
  to   space 7680K, 0% used [0x0000000784680000,0x0000000784680000,0x0000000784e00000)
 ParOldGen       total 128512K, used 4046K [0x0000000704400000, 0x000000070c180000, 0x0000000781700000)
  object space 128512K, 3% used [0x0000000704400000,0x00000007047f39d8,0x000000070c180000)
 Metaspace       used 15039K, capacity 15262K, committed 15488K, reserved 1062912K
  class space    used 1782K, capacity 1877K, committed 1920K, reserved 1048576K
GC Heap History (4 events):
Event: 0.945 GC heap before
{Heap before GC invocations=1 (full 0):
 PSYoungGen      total 56320K, used 48640K [0x0000000781700000, 0x0000000785580000, 0x00000007c0000000)
  eden space 48640K, 100% used [0x0000000781700000,0x0000000784680000,0x0000000784680000)
  from space 7680K, 0% used [0x0000000784e00000,0x0000000784e00000,0x0000000785580000)
  to   space 7680K, 0% used [0x0000000784680000,0x0000000784680000,0x0000000784e00000)
 ParOldGen       total 128512K, used 0K [0x0000000704400000, 0x000000070c180000, 0x0000000781700000)
  object space 128512K, 0% used [0x0000000704400000,0x0000000704400000,0x000000070c180000)
 Metaspace       used 10186K, capacity 10310K, committed 10496K, reserved 1058816K
  class space    used 1213K, capacity 1247K, committed 1280K, reserved 1048576K
Event: 0.952 GC heap after
Heap after GC invocations=1 (full 0):
 PSYoungGen      total 56320K, used 7518K [0x0000000781700000, 0x0000000785580000, 0x00000007c0000000)
  eden space 48640K, 0% used [0x0000000781700000,0x0000000781700000,0x0000000784680000)
  from space 7680K, 97% used [0x0000000784680000,0x0000000784dd7a10,0x0000000784e00000)
  to   space 7680K, 0% used [0x0000000784e00000,0x0000000784e00000,0x0000000785580000)
 ParOldGen       total 128512K, used 8K [0x0000000704400000, 0x000000070c180000, 0x0000000781700000)
  object space 128512K, 0% used [0x0000000704400000,0x0000000704402000,0x000000070c180000)
 Metaspace       used 10186K, capacity 10310K, committed 10496K, reserved 1058816K
  class space    used 1213K, capacity 1247K, committed 1280K, reserved 1048576K
}
Event: 1.699 GC heap before
{Heap before GC invocations=2 (full 0):
 PSYoungGen      total 56320K, used 56158K [0x0000000781700000, 0x0000000785580000, 0x00000007c0000000)
  eden space 48640K, 100% used [0x0000000781700000,0x0000000784680000,0x0000000784680000)
  from space 7680K, 97% used [0x0000000784680000,0x0000000784dd7a10,0x0000000784e00000)
  to   space 7680K, 0% used [0x0000000784e00000,0x0000000784e00000,0x0000000785580000)
 ParOldGen       total 128512K, used 8K [0x0000000704400000, 0x000000070c180000, 0x0000000781700000)
  object space 128512K, 0% used [0x0000000704400000,0x0000000704402000,0x000000070c180000)
 Metaspace       used 14844K, capacity 15058K, committed 15232K, reserved 1062912K
  class space    used 1778K, capacity 1875K, committed 1920K, reserved 1048576K
Event: 1.713 GC heap after
Heap after GC invocations=2 (full 0):
 PSYoungGen      total 56320K, used 7648K [0x0000000781700000, 0x0000000788500000, 0x00000007c0000000)
  eden space 48640K, 0% used [0x0000000781700000,0x0000000781700000,0x0000000784680000)
  from space 7680K, 99% used [0x0000000784e00000,0x0000000785578020,0x0000000785580000)
  to   space 7680K, 0% used [0x0000000784680000,0x0000000784680000,0x0000000784e00000)
 ParOldGen       total 128512K, used 4046K [0x0000000704400000, 0x000000070c180000, 0x0000000781700000)
  object space 128512K, 3% used [0x0000000704400000,0x00000007047f39d8,0x000000070c180000)
 Metaspace       used 14844K, capacity 15058K, committed 15232K, reserved 1062912K
  class space    used 1778K, capacity 1875K, committed 1920K, reserved 1048576K
}

