# JRE version: OpenJDK Runtime Environment (8.0_212) (build 1.8.0_212-8u-04)
# Java VM: OpenJDK 64-Bit Server VM (25.212-b04 mixed mode windows-amd64 compressed oops)
Heap:
 PSYoungGen      total 56320K, used 51069K [0x0000000781700000, 0x0000000785580000, 0x00000007c0000000)
  eden space 48640K, 89% used [0x0000000781700000,0x0000000784166b70,0x0000000784680000)
  from space 7680K, 99% used [0x0000000784e00000,0x00000007855788d8,0x0000000785580000)
  to   space 7680K, 0% used [0x0000000784680000,0x0000000784680000,0x0000000784e00000)
 ParOldGen       total 121344K, used 34071K [0x0000000704400000, 0x000000070ba80000, 0x0000000781700000)
  object space 121344K, 28% used [0x0000000704400000,0x0000000706545f40,0x000000070ba80000)
 Metaspace       used 23799K, capacity 24526K, committed 24832K, reserved 1071104K
  class space    used 2691K, capacity 2953K, committed 3072K, reserved 1048576K
GC Heap History (10 events):
Event: 4.278 GC heap before
{Heap before GC invocations=7 (full 0):
 PSYoungGen      total 56320K, used 56320K [0x0000000781700000, 0x0000000785580000, 0x00000007c0000000)
  eden space 48640K, 100% used [0x0000000781700000,0x0000000784680000,0x0000000784680000)
  from space 7680K, 100% used [0x0000000784e00000,0x0000000785580000,0x0000000785580000)
  to   space 7680K, 0% used [0x0000000784680000,0x0000000784680000,0x0000000784e00000)
 ParOldGen       total 128512K, used 20791K [0x0000000704400000, 0x000000070c180000, 0x0000000781700000)
  object space 128512K, 16% used [0x0000000704400000,0x000000070584dc20,0x000000070c180000)
 Metaspace       used 16423K, capacity 16656K, committed 16768K, reserved 1064960K
  class space    used 1840K, capacity 1920K, committed 1920K, reserved 1048576K
Event: 4.301 GC heap after
Heap after GC invocations=7 (full 0):
 PSYoungGen      total 56320K, used 7680K [0x0000000781700000, 0x0000000785580000, 0x00000007c0000000)
  eden space 48640K, 0% used [0x0000000781700000,0x0000000781700000,0x0000000784680000)
  from space 7680K, 100% used [0x0000000784680000,0x0000000784e00000,0x0000000784e00000)
  to   space 7680K, 0% used [0x0000000784e00000,0x0000000784e00000,0x0000000785580000)
 ParOldGen       total 128512K, used 25903K [0x0000000704400000, 0x000000070c180000, 0x0000000781700000)
  object space 128512K, 20% used [0x0000000704400000,0x0000000705d4bd68,0x000000070c180000)
 Metaspace       used 16423K, capacity 16656K, committed 16768K, reserved 1064960K
  class space    used 1840K, capacity 1920K, committed 1920K, reserved 1048576K
}
Event: 4.658 GC heap before
{Heap before GC invocations=8 (full 0):
 PSYoungGen      total 56320K, used 56320K [0x0000000781700000, 0x0000000785580000, 0x00000007c0000000)
  eden space 48640K, 100% used [0x0000000781700000,0x0000000784680000,0x0000000784680000)
  from space 7680K, 100% used [0x0000000784680000,0x0000000784e00000,0x0000000784e00000)
  to   space 7680K, 0% used [0x0000000784e00000,0x0000000784e00000,0x0000000785580000)
 ParOldGen       total 128512K, used 25903K [0x0000000704400000, 0x000000070c180000, 0x0000000781700000)
  object space 128512K, 20% used [0x0000000704400000,0x0000000705d4bd68,0x000000070c180000)
 Metaspace       used 16908K, capacity 17286K, committed 17408K, reserved 1064960K
  class space    used 1904K, capacity 2022K, committed 2048K, reserved 1048576K
Event: 4.669 GC heap after
Heap after GC invocations=8 (full 0):
 PSYoungGen      total 56320K, used 7680K [0x0000000781700000, 0x0000000785580000, 0x00000007c0000000)
  eden space 48640K, 0% used [0x0000000781700000,0x0000000781700000,0x0000000784680000)
  from space 7680K, 100% used [0x0000000784e00000,0x0000000785580000,0x0000000785580000)
  to   space 7680K, 0% used [0x0000000784680000,0x0000000784680000,0x0000000784e00000)
 ParOldGen       total 128512K, used 29370K [0x0000000704400000, 0x000000070c180000, 0x0000000781700000)
  object space 128512K, 22% used [0x0000000704400000,0x00000007060aeb08,0x000000070c180000)
 Metaspace       used 16908K, capacity 17286K, committed 17408K, reserved 1064960K
  class space    used 1904K, capacity 2022K, committed 2048K, reserved 1048576K
}
Event: 5.010 GC heap before
{Heap before GC invocations=9 (full 0):
 PSYoungGen      total 56320K, used 38891K [0x0000000781700000, 0x0000000785580000, 0x00000007c0000000)
  eden space 48640K, 64% used [0x0000000781700000,0x000000078357ac78,0x0000000784680000)
  from space 7680K, 100% used [0x0000000784e00000,0x0000000785580000,0x0000000785580000)
  to   space 7680K, 0% used [0x0000000784680000,0x0000000784680000,0x0000000784e00000)
 ParOldGen       total 128512K, used 29370K [0x0000000704400000, 0x000000070c180000, 0x0000000781700000)
  object space 128512K, 22% used [0x0000000704400000,0x00000007060aeb08,0x000000070c180000)
 Metaspace       used 20744K, capacity 21138K, committed 21296K, reserved 1069056K
  class space    used 2252K, capacity 2350K, committed 2432K, reserved 1048576K
Event: 5.021 GC heap after
Heap after GC invocations=9 (full 0):
 PSYoungGen      total 56320K, used 7661K [0x0000000781700000, 0x0000000785580000, 0x00000007c0000000)
  eden space 48640K, 0% used [0x0000000781700000,0x0000000781700000,0x0000000784680000)
  from space 7680K, 99% used [0x0000000784680000,0x0000000784dfb6d0,0x0000000784e00000)
  to   space 7680K, 0% used [0x0000000784e00000,0x0000000784e00000,0x0000000785580000)
 ParOldGen       total 128512K, used 32766K [0x0000000704400000, 0x000000070c180000, 0x0000000781700000)
  object space 128512K, 25% used [0x0000000704400000,0x00000007063ffa98,0x000000070c180000)
 Metaspace       used 20744K, capacity 21138K, committed 21296K, reserved 1069056K
  class space    used 2252K, capacity 2350K, committed 2432K, reserved 1048576K
}
Event: 5.021 GC heap before
{Heap before GC invocations=10 (full 1):
 PSYoungGen      total 56320K, used 7661K [0x0000000781700000, 0x0000000785580000, 0x00000007c0000000)
  eden space 48640K, 0% used [0x0000000781700000,0x0000000781700000,0x0000000784680000)
  from space 7680K, 99% used [0x0000000784680000,0x0000000784dfb6d0,0x0000000784e00000)
  to   space 7680K, 0% used [0x0000000784e00000,0x0000000784e00000,0x0000000785580000)
 ParOldGen       total 128512K, used 32766K [0x0000000704400000, 0x000000070c180000, 0x0000000781700000)
  object space 128512K, 25% used [0x0000000704400000,0x00000007063ffa98,0x000000070c180000)
 Metaspace       used 20744K, capacity 21138K, committed 21296K, reserved 1069056K
  class space    used 2252K, capacity 2350K, committed 2432K, reserved 1048576K
Event: 5.401 GC heap after
Heap after GC invocations=10 (full 1):
 PSYoungGen      total 56320K, used 0K [0x0000000781700000, 0x0000000785580000, 0x00000007c0000000)
  eden space 48640K, 0% used [0x0000000781700000,0x0000000781700000,0x0000000784680000)
  from space 7680K, 0% used [0x0000000784680000,0x0000000784680000,0x0000000784e00000)
  to   space 7680K, 0% used [0x0000000784e00000,0x0000000784e00000,0x0000000785580000)
 ParOldGen       total 121344K, used 33891K [0x0000000704400000, 0x000000070ba80000, 0x0000000781700000)
  object space 121344K, 27% used [0x0000000704400000,0x0000000706518db8,0x000000070ba80000)
 Metaspace       used 20744K, capacity 21138K, committed 21296K, reserved 1069056K
  class space    used 2252K, capacity 2350K, committed 2432K, reserved 1048576K
}
Event: 5.945 GC heap before
{Heap before GC invocations=11 (full 1):
 PSYoungGen      total 56320K, used 48640K [0x0000000781700000, 0x0000000785580000, 0x00000007c0000000)
  eden space 48640K, 100% used [0x0000000781700000,0x0000000784680000,0x0000000784680000)
  from space 7680K, 0% used [0x0000000784680000,0x0000000784680000,0x0000000784e00000)
  to   space 7680K, 0% used [0x0000000784e00000,0x0000000784e00000,0x0000000785580000)
 ParOldGen       total 121344K, used 33891K [0x0000000704400000, 0x000000070ba80000, 0x0000000781700000)
  object space 121344K, 27% used [0x0000000704400000,0x0000000706518db8,0x000000070ba80000)
 Metaspace       used 22835K, capacity 23474K, committed 23552K, reserved 1071104K
  class space    used 2557K, capacity 2774K, committed 2816K, reserved 1048576K
Event: 5.956 GC heap after
Heap after GC invocations=11 (full 1):
 PSYoungGen      total 56320K, used 7650K [0x0000000781700000, 0x0000000785580000, 0x00000007c0000000)
  eden space 48640K, 0% used [0x0000000781700000,0x0000000781700000,0x0000000784680000)
  from space 7680K, 99% used [0x0000000784e00000,0x00000007855788d8,0x0000000785580000)
  to   space 7680K, 0% used [0x0000000784680000,0x0000000784680000,0x0000000784e00000)
 ParOldGen       total 121344K, used 34071K [0x0000000704400000, 0x000000070ba80000, 0x0000000781700000)
  object space 121344K, 28% used [0x0000000704400000,0x0000000706545f40,0x000000070ba80000)
 Metaspace       used 22835K, capacity 23474K, committed 23552K, reserved 1071104K
  class space    used 2557K, capacity 2774K, committed 2816K, reserved 1048576K
}

