# JRE version: OpenJDK Runtime Environment (8.0_212) (build 1.8.0_212-8u-04)
# Java VM: OpenJDK 64-Bit Server VM (25.212-b04 mixed mode windows-amd64 compressed oops)
Heap:
 PSYoungGen      total 104960K, used 14761K [0x0000000781700000, 0x0000000788500000, 0x00000007c0000000)
  eden space 97280K, 7% used [0x0000000781700000,0x0000000781deb3e8,0x0000000787600000)
  from space 7680K, 99% used [0x0000000787d80000,0x00000007884ff1b8,0x0000000788500000)
  to   space 7680K, 0% used [0x0000000787600000,0x0000000787600000,0x0000000787d80000)
 ParOldGen       total 125440K, used 64027K [0x0000000704400000, 0x000000070be80000, 0x0000000781700000)
  object space 125440K, 51% used [0x0000000704400000,0x0000000708286df0,0x000000070be80000)
 Metaspace       used 39906K, capacity 41198K, committed 41600K, reserved 1085440K
  class space    used 4674K, capacity 5088K, committed 5248K, reserved 1048576K
GC Heap History (10 events):
Event: 7.627 GC heap before
{Heap before GC invocations=10 (full 1):
 PSYoungGen      total 104960K, used 104928K [0x0000000781700000, 0x0000000788500000, 0x00000007c0000000)
  eden space 97280K, 100% used [0x0000000781700000,0x0000000787600000,0x0000000787600000)
  from space 7680K, 99% used [0x0000000787d80000,0x00000007884f8040,0x0000000788500000)
  to   space 7680K, 0% used [0x0000000787600000,0x0000000787600000,0x0000000787d80000)
 ParOldGen       total 125440K, used 41929K [0x0000000704400000, 0x000000070be80000, 0x0000000781700000)
  object space 125440K, 33% used [0x0000000704400000,0x0000000706cf2580,0x000000070be80000)
 Metaspace       used 32661K, capacity 33892K, committed 34048K, reserved 1079296K
  class space    used 3860K, capacity 4245K, committed 4352K, reserved 1048576K
Event: 7.639 GC heap after
Heap after GC invocations=10 (full 1):
 PSYoungGen      total 104960K, used 7648K [0x0000000781700000, 0x0000000788500000, 0x00000007c0000000)
  eden space 97280K, 0% used [0x0000000781700000,0x0000000781700000,0x0000000787600000)
  from space 7680K, 99% used [0x0000000787600000,0x0000000787d78040,0x0000000787d80000)
  to   space 7680K, 0% used [0x0000000787d80000,0x0000000787d80000,0x0000000788500000)
 ParOldGen       total 125440K, used 47322K [0x0000000704400000, 0x000000070be80000, 0x0000000781700000)
  object space 125440K, 37% used [0x0000000704400000,0x0000000707236b98,0x000000070be80000)
 Metaspace       used 32661K, capacity 33892K, committed 34048K, reserved 1079296K
  class space    used 3860K, capacity 4245K, committed 4352K, reserved 1048576K
}
Event: 7.847 GC heap before
{Heap before GC invocations=11 (full 1):
 PSYoungGen      total 104960K, used 24091K [0x0000000781700000, 0x0000000788500000, 0x00000007c0000000)
  eden space 97280K, 16% used [0x0000000781700000,0x000000078270ebe0,0x0000000787600000)
  from space 7680K, 99% used [0x0000000787600000,0x0000000787d78040,0x0000000787d80000)
  to   space 7680K, 0% used [0x0000000787d80000,0x0000000787d80000,0x0000000788500000)
 ParOldGen       total 125440K, used 47322K [0x0000000704400000, 0x000000070be80000, 0x0000000781700000)
  object space 125440K, 37% used [0x0000000704400000,0x0000000707236b98,0x000000070be80000)
 Metaspace       used 34050K, capacity 35408K, committed 35456K, reserved 1081344K
  class space    used 4025K, capacity 4453K, committed 4480K, reserved 1048576K
Event: 7.862 GC heap after
Heap after GC invocations=11 (full 1):
 PSYoungGen      total 104960K, used 2515K [0x0000000781700000, 0x0000000788500000, 0x00000007c0000000)
  eden space 97280K, 0% used [0x0000000781700000,0x0000000781700000,0x0000000787600000)
  from space 7680K, 32% used [0x0000000787d80000,0x0000000787ff4f08,0x0000000788500000)
  to   space 7680K, 0% used [0x0000000787600000,0x0000000787600000,0x0000000787d80000)
 ParOldGen       total 125440K, used 53645K [0x0000000704400000, 0x000000070be80000, 0x0000000781700000)
  object space 125440K, 42% used [0x0000000704400000,0x0000000707863520,0x000000070be80000)
 Metaspace       used 34050K, capacity 35408K, committed 35456K, reserved 1081344K
  class space    used 4025K, capacity 4453K, committed 4480K, reserved 1048576K
}
Event: 7.862 GC heap before
{Heap before GC invocations=12 (full 2):
 PSYoungGen      total 104960K, used 2515K [0x0000000781700000, 0x0000000788500000, 0x00000007c0000000)
  eden space 97280K, 0% used [0x0000000781700000,0x0000000781700000,0x0000000787600000)
  from space 7680K, 32% used [0x0000000787d80000,0x0000000787ff4f08,0x0000000788500000)
  to   space 7680K, 0% used [0x0000000787600000,0x0000000787600000,0x0000000787d80000)
 ParOldGen       total 125440K, used 53645K [0x0000000704400000, 0x000000070be80000, 0x0000000781700000)
  object space 125440K, 42% used [0x0000000704400000,0x0000000707863520,0x000000070be80000)
 Metaspace       used 34050K, capacity 35408K, committed 35456K, reserved 1081344K
  class space    used 4025K, capacity 4453K, committed 4480K, reserved 1048576K
Event: 8.008 GC heap after
Heap after GC invocations=12 (full 2):
 PSYoungGen      total 104960K, used 0K [0x0000000781700000, 0x0000000788500000, 0x00000007c0000000)
  eden space 97280K, 0% used [0x0000000781700000,0x0000000781700000,0x0000000787600000)
  from space 7680K, 0% used [0x0000000787d80000,0x0000000787d80000,0x0000000788500000)
  to   space 7680K, 0% used [0x0000000787600000,0x0000000787600000,0x0000000787d80000)
 ParOldGen       total 125440K, used 45427K [0x0000000704400000, 0x000000070be80000, 0x0000000781700000)
  object space 125440K, 36% used [0x0000000704400000,0x000000070705cfd0,0x000000070be80000)
 Metaspace       used 33916K, capacity 35076K, committed 35456K, reserved 1081344K
  class space    used 3977K, capacity 4367K, committed 4480K, reserved 1048576K
}
Event: 8.994 GC heap before
{Heap before GC invocations=13 (full 2):
 PSYoungGen      total 104960K, used 97280K [0x0000000781700000, 0x0000000788500000, 0x00000007c0000000)
  eden space 97280K, 100% used [0x0000000781700000,0x0000000787600000,0x0000000787600000)
  from space 7680K, 0% used [0x0000000787d80000,0x0000000787d80000,0x0000000788500000)
  to   space 7680K, 0% used [0x0000000787600000,0x0000000787600000,0x0000000787d80000)
 ParOldGen       total 125440K, used 45427K [0x0000000704400000, 0x000000070be80000, 0x0000000781700000)
  object space 125440K, 36% used [0x0000000704400000,0x000000070705cfd0,0x000000070be80000)
 Metaspace       used 38116K, capacity 39396K, committed 39808K, reserved 1083392K
  class space    used 4476K, capacity 4891K, committed 4992K, reserved 1048576K
Event: 9.014 GC heap after
Heap after GC invocations=13 (full 2):
 PSYoungGen      total 104960K, used 7668K [0x0000000781700000, 0x0000000788500000, 0x00000007c0000000)
  eden space 97280K, 0% used [0x0000000781700000,0x0000000781700000,0x0000000787600000)
  from space 7680K, 99% used [0x0000000787600000,0x0000000787d7d020,0x0000000787d80000)
  to   space 7680K, 0% used [0x0000000787d80000,0x0000000787d80000,0x0000000788500000)
 ParOldGen       total 125440K, used 58700K [0x0000000704400000, 0x000000070be80000, 0x0000000781700000)
  object space 125440K, 46% used [0x0000000704400000,0x0000000707d53348,0x000000070be80000)
 Metaspace       used 38116K, capacity 39396K, committed 39808K, reserved 1083392K
  class space    used 4476K, capacity 4891K, committed 4992K, reserved 1048576K
}
Event: 9.741 GC heap before
{Heap before GC invocations=14 (full 2):
 PSYoungGen      total 104960K, used 104948K [0x0000000781700000, 0x0000000788500000, 0x00000007c0000000)
  eden space 97280K, 100% used [0x0000000781700000,0x0000000787600000,0x0000000787600000)
  from space 7680K, 99% used [0x0000000787600000,0x0000000787d7d020,0x0000000787d80000)
  to   space 7680K, 0% used [0x0000000787d80000,0x0000000787d80000,0x0000000788500000)
 ParOldGen       total 125440K, used 58700K [0x0000000704400000, 0x000000070be80000, 0x0000000781700000)
  object space 125440K, 46% used [0x0000000704400000,0x0000000707d53348,0x000000070be80000)
 Metaspace       used 39231K, capacity 40494K, committed 40960K, reserved 1085440K
  class space    used 4607K, capacity 5024K, committed 5120K, reserved 1048576K
Event: 9.753 GC heap after
Heap after GC invocations=14 (full 2):
 PSYoungGen      total 104960K, used 7676K [0x0000000781700000, 0x0000000788500000, 0x00000007c0000000)
  eden space 97280K, 0% used [0x0000000781700000,0x0000000781700000,0x0000000787600000)
  from space 7680K, 99% used [0x0000000787d80000,0x00000007884ff1b8,0x0000000788500000)
  to   space 7680K, 0% used [0x0000000787600000,0x0000000787600000,0x0000000787d80000)
 ParOldGen       total 125440K, used 64027K [0x0000000704400000, 0x000000070be80000, 0x0000000781700000)
  object space 125440K, 51% used [0x0000000704400000,0x0000000708286df0,0x000000070be80000)
 Metaspace       used 39231K, capacity 40494K, committed 40960K, reserved 1085440K
  class space    used 4607K, capacity 5024K, committed 5120K, reserved 1048576K
}

