# JRE version: OpenJDK Runtime Environment (8.0_212) (build 1.8.0_212-8u-04)
# Java VM: OpenJDK 64-Bit Server VM (25.212-b04 mixed mode windows-amd64 compressed oops)
Heap:
 PSYoungGen      total 104960K, used 87570K [0x0000000781700000, 0x0000000788500000, 0x00000007c0000000)
  eden space 97280K, 82% used [0x0000000781700000,0x00000007865059c8,0x0000000787600000)
  from space 7680K, 99% used [0x0000000787600000,0x0000000787d7f1b8,0x0000000787d80000)
  to   space 7680K, 0% used [0x0000000787d80000,0x0000000787d80000,0x0000000788500000)
 ParOldGen       total 123392K, used 58759K [0x0000000704400000, 0x000000070bc80000, 0x0000000781700000)
  object space 123392K, 47% used [0x0000000704400000,0x0000000707d61e18,0x000000070bc80000)
 Metaspace       used 39304K, capacity 40618K, committed 40960K, reserved 1085440K
  class space    used 4618K, capacity 5024K, committed 5120K, reserved 1048576K
GC Heap History (10 events):
Event: 7.243 GC heap before
{Heap before GC invocations=9 (full 1):
 PSYoungGen      total 104960K, used 97280K [0x0000000781700000, 0x0000000788500000, 0x00000007c0000000)
  eden space 97280K, 100% used [0x0000000781700000,0x0000000787600000,0x0000000787600000)
  from space 7680K, 0% used [0x0000000787600000,0x0000000787600000,0x0000000787d80000)
  to   space 7680K, 0% used [0x0000000787d80000,0x0000000787d80000,0x0000000788500000)
 ParOldGen       total 123392K, used 36543K [0x0000000704400000, 0x000000070bc80000, 0x0000000781700000)
  object space 123392K, 29% used [0x0000000704400000,0x00000007067afe20,0x000000070bc80000)
 Metaspace       used 26932K, capacity 27860K, committed 28032K, reserved 1073152K
  class space    used 3120K, capacity 3431K, committed 3456K, reserved 1048576K
Event: 7.256 GC heap after
Heap after GC invocations=9 (full 1):
 PSYoungGen      total 104960K, used 7648K [0x0000000781700000, 0x0000000788500000, 0x00000007c0000000)
  eden space 97280K, 0% used [0x0000000781700000,0x0000000781700000,0x0000000787600000)
  from space 7680K, 99% used [0x0000000787d80000,0x00000007884f8040,0x0000000788500000)
  to   space 7680K, 0% used [0x0000000787600000,0x0000000787600000,0x0000000787d80000)
 ParOldGen       total 123392K, used 41894K [0x0000000704400000, 0x000000070bc80000, 0x0000000781700000)
  object space 123392K, 33% used [0x0000000704400000,0x0000000706ce9888,0x000000070bc80000)
 Metaspace       used 26932K, capacity 27860K, committed 28032K, reserved 1073152K
  class space    used 3120K, capacity 3431K, committed 3456K, reserved 1048576K
}
Event: 7.965 GC heap before
{Heap before GC invocations=10 (full 1):
 PSYoungGen      total 104960K, used 104928K [0x0000000781700000, 0x0000000788500000, 0x00000007c0000000)
  eden space 97280K, 100% used [0x0000000781700000,0x0000000787600000,0x0000000787600000)
  from space 7680K, 99% used [0x0000000787d80000,0x00000007884f8040,0x0000000788500000)
  to   space 7680K, 0% used [0x0000000787600000,0x0000000787600000,0x0000000787d80000)
 ParOldGen       total 123392K, used 41894K [0x0000000704400000, 0x000000070bc80000, 0x0000000781700000)
  object space 123392K, 33% used [0x0000000704400000,0x0000000706ce9888,0x000000070bc80000)
 Metaspace       used 32685K, capacity 34012K, committed 34304K, reserved 1079296K
  class space    used 3871K, capacity 4247K, committed 4352K, reserved 1048576K
Event: 7.996 GC heap after
Heap after GC invocations=10 (full 1):
 PSYoungGen      total 104960K, used 7664K [0x0000000781700000, 0x0000000788500000, 0x00000007c0000000)
  eden space 97280K, 0% used [0x0000000781700000,0x0000000781700000,0x0000000787600000)
  from space 7680K, 99% used [0x0000000787600000,0x0000000787d7c050,0x0000000787d80000)
  to   space 7680K, 0% used [0x0000000787d80000,0x0000000787d80000,0x0000000788500000)
 ParOldGen       total 123392K, used 47329K [0x0000000704400000, 0x000000070bc80000, 0x0000000781700000)
  object space 123392K, 38% used [0x0000000704400000,0x00000007072386a0,0x000000070bc80000)
 Metaspace       used 32685K, capacity 34012K, committed 34304K, reserved 1079296K
  class space    used 3871K, capacity 4247K, committed 4352K, reserved 1048576K
}
Event: 8.321 GC heap before
{Heap before GC invocations=11 (full 1):
 PSYoungGen      total 104960K, used 24022K [0x0000000781700000, 0x0000000788500000, 0x00000007c0000000)
  eden space 97280K, 16% used [0x0000000781700000,0x00000007826f9b18,0x0000000787600000)
  from space 7680K, 99% used [0x0000000787600000,0x0000000787d7c050,0x0000000787d80000)
  to   space 7680K, 0% used [0x0000000787d80000,0x0000000787d80000,0x0000000788500000)
 ParOldGen       total 123392K, used 47329K [0x0000000704400000, 0x000000070bc80000, 0x0000000781700000)
  object space 123392K, 38% used [0x0000000704400000,0x00000007072386a0,0x000000070bc80000)
 Metaspace       used 34022K, capacity 35400K, committed 35456K, reserved 1081344K
  class space    used 4033K, capacity 4455K, committed 4480K, reserved 1048576K
Event: 8.338 GC heap after
Heap after GC invocations=11 (full 1):
 PSYoungGen      total 104960K, used 2567K [0x0000000781700000, 0x0000000788500000, 0x00000007c0000000)
  eden space 97280K, 0% used [0x0000000781700000,0x0000000781700000,0x0000000787600000)
  from space 7680K, 33% used [0x0000000787d80000,0x0000000788001ee0,0x0000000788500000)
  to   space 7680K, 0% used [0x0000000787600000,0x0000000787600000,0x0000000787d80000)
 ParOldGen       total 123392K, used 53794K [0x0000000704400000, 0x000000070bc80000, 0x0000000781700000)
  object space 123392K, 43% used [0x0000000704400000,0x0000000707888968,0x000000070bc80000)
 Metaspace       used 34022K, capacity 35400K, committed 35456K, reserved 1081344K
  class space    used 4033K, capacity 4455K, committed 4480K, reserved 1048576K
}
Event: 8.338 GC heap before
{Heap before GC invocations=12 (full 2):
 PSYoungGen      total 104960K, used 2567K [0x0000000781700000, 0x0000000788500000, 0x00000007c0000000)
  eden space 97280K, 0% used [0x0000000781700000,0x0000000781700000,0x0000000787600000)
  from space 7680K, 33% used [0x0000000787d80000,0x0000000788001ee0,0x0000000788500000)
  to   space 7680K, 0% used [0x0000000787600000,0x0000000787600000,0x0000000787d80000)
 ParOldGen       total 123392K, used 53794K [0x0000000704400000, 0x000000070bc80000, 0x0000000781700000)
  object space 123392K, 43% used [0x0000000704400000,0x0000000707888968,0x000000070bc80000)
 Metaspace       used 34022K, capacity 35400K, committed 35456K, reserved 1081344K
  class space    used 4033K, capacity 4455K, committed 4480K, reserved 1048576K
Event: 8.495 GC heap after
Heap after GC invocations=12 (full 2):
 PSYoungGen      total 104960K, used 0K [0x0000000781700000, 0x0000000788500000, 0x00000007c0000000)
  eden space 97280K, 0% used [0x0000000781700000,0x0000000781700000,0x0000000787600000)
  from space 7680K, 0% used [0x0000000787d80000,0x0000000787d80000,0x0000000788500000)
  to   space 7680K, 0% used [0x0000000787600000,0x0000000787600000,0x0000000787d80000)
 ParOldGen       total 123392K, used 45478K [0x0000000704400000, 0x000000070bc80000, 0x0000000781700000)
  object space 123392K, 36% used [0x0000000704400000,0x0000000707069ae8,0x000000070bc80000)
 Metaspace       used 33887K, capacity 35072K, committed 35456K, reserved 1081344K
  class space    used 3984K, capacity 4367K, committed 4480K, reserved 1048576K
}
Event: 9.596 GC heap before
{Heap before GC invocations=13 (full 2):
 PSYoungGen      total 104960K, used 97280K [0x0000000781700000, 0x0000000788500000, 0x00000007c0000000)
  eden space 97280K, 100% used [0x0000000781700000,0x0000000787600000,0x0000000787600000)
  from space 7680K, 0% used [0x0000000787d80000,0x0000000787d80000,0x0000000788500000)
  to   space 7680K, 0% used [0x0000000787600000,0x0000000787600000,0x0000000787d80000)
 ParOldGen       total 123392K, used 45478K [0x0000000704400000, 0x000000070bc80000, 0x0000000781700000)
  object space 123392K, 36% used [0x0000000704400000,0x0000000707069ae8,0x000000070bc80000)
 Metaspace       used 38206K, capacity 39520K, committed 40064K, reserved 1085440K
  class space    used 4486K, capacity 4891K, committed 4992K, reserved 1048576K
Event: 9.616 GC heap after
Heap after GC invocations=13 (full 2):
 PSYoungGen      total 104960K, used 7676K [0x0000000781700000, 0x0000000788500000, 0x00000007c0000000)
  eden space 97280K, 0% used [0x0000000781700000,0x0000000781700000,0x0000000787600000)
  from space 7680K, 99% used [0x0000000787600000,0x0000000787d7f1b8,0x0000000787d80000)
  to   space 7680K, 0% used [0x0000000787d80000,0x0000000787d80000,0x0000000788500000)
 ParOldGen       total 123392K, used 58759K [0x0000000704400000, 0x000000070bc80000, 0x0000000781700000)
  object space 123392K, 47% used [0x0000000704400000,0x0000000707d61e18,0x000000070bc80000)
 Metaspace       used 38206K, capacity 39520K, committed 40064K, reserved 1085440K
  class space    used 4486K, capacity 4891K, committed 4992K, reserved 1048576K
}

