# JRE version: OpenJDK Runtime Environment (8.0_212) (build 1.8.0_212-8u-04)
# Java VM: OpenJDK 64-Bit Server VM (25.212-b04 mixed mode windows-amd64 compressed oops)
Heap:
 PSYoungGen      total 202240K, used 30881K [0x0000000781700000, 0x000000079c400000, 0x00000007c0000000)
  eden space 194560K, 15% used [0x0000000781700000,0x00000007835285f8,0x000000078d500000)
  from space 7680K, 0% used [0x000000078d500000,0x000000078d500000,0x000000078dc80000)
  to   space 25088K, 0% used [0x000000079ab80000,0x000000079ab80000,0x000000079c400000)
 ParOldGen       total 123904K, used 37674K [0x0000000704400000, 0x000000070bd00000, 0x0000000781700000)
  object space 123904K, 30% used [0x0000000704400000,0x00000007068ca818,0x000000070bd00000)
 Metaspace       used 22293K, capacity 22792K, committed 23088K, reserved 1069056K
  class space    used 2447K, capacity 2564K, committed 2688K, reserved 1048576K
GC Heap History (10 events):
Event: 6.170 GC heap before
{Heap before GC invocations=2 (full 0):
 PSYoungGen      total 56320K, used 56137K [0x0000000781700000, 0x0000000788500000, 0x00000007c0000000)
  eden space 48640K, 100% used [0x0000000781700000,0x0000000784680000,0x0000000784680000)
  from space 7680K, 97% used [0x0000000784680000,0x0000000784dd2458,0x0000000784e00000)
  to   space 7680K, 0% used [0x0000000787d80000,0x0000000787d80000,0x0000000788500000)
 ParOldGen       total 128512K, used 0K [0x0000000704400000, 0x000000070c180000, 0x0000000781700000)
  object space 128512K, 0% used [0x0000000704400000,0x0000000704400000,0x000000070c180000)
 Metaspace       used 14982K, capacity 15208K, committed 15488K, reserved 1062912K
  class space    used 1778K, capacity 1876K, committed 1920K, reserved 1048576K
Event: 6.201 GC heap after
Heap after GC invocations=2 (full 0):
 PSYoungGen      total 104960K, used 7678K [0x0000000781700000, 0x0000000788500000, 0x00000007c0000000)
  eden space 97280K, 0% used [0x0000000781700000,0x0000000781700000,0x0000000787600000)
  from space 7680K, 99% used [0x0000000787d80000,0x00000007884ffb98,0x0000000788500000)
  to   space 7680K, 0% used [0x0000000787600000,0x0000000787600000,0x0000000787d80000)
 ParOldGen       total 128512K, used 3013K [0x0000000704400000, 0x000000070c180000, 0x0000000781700000)
  object space 128512K, 2% used [0x0000000704400000,0x00000007046f16d8,0x000000070c180000)
 Metaspace       used 14982K, capacity 15208K, committed 15488K, reserved 1062912K
  class space    used 1778K, capacity 1876K, committed 1920K, reserved 1048576K
}
Event: 9.807 GC heap before
{Heap before GC invocations=3 (full 0):
 PSYoungGen      total 104960K, used 104958K [0x0000000781700000, 0x0000000788500000, 0x00000007c0000000)
  eden space 97280K, 100% used [0x0000000781700000,0x0000000787600000,0x0000000787600000)
  from space 7680K, 99% used [0x0000000787d80000,0x00000007884ffb98,0x0000000788500000)
  to   space 7680K, 0% used [0x0000000787600000,0x0000000787600000,0x0000000787d80000)
 ParOldGen       total 128512K, used 3013K [0x0000000704400000, 0x000000070c180000, 0x0000000781700000)
  object space 128512K, 2% used [0x0000000704400000,0x00000007046f16d8,0x000000070c180000)
 Metaspace       used 15704K, capacity 15968K, committed 16000K, reserved 1062912K
  class space    used 1820K, capacity 1912K, committed 1920K, reserved 1048576K
Event: 9.841 GC heap after
Heap after GC invocations=3 (full 0):
 PSYoungGen      total 104960K, used 7664K [0x0000000781700000, 0x000000078e400000, 0x00000007c0000000)
  eden space 97280K, 0% used [0x0000000781700000,0x0000000781700000,0x0000000787600000)
  from space 7680K, 99% used [0x0000000787600000,0x0000000787d7c030,0x0000000787d80000)
  to   space 7680K, 0% used [0x000000078dc80000,0x000000078dc80000,0x000000078e400000)
 ParOldGen       total 128512K, used 12889K [0x0000000704400000, 0x000000070c180000, 0x0000000781700000)
  object space 128512K, 10% used [0x0000000704400000,0x0000000705096438,0x000000070c180000)
 Metaspace       used 15704K, capacity 15968K, committed 16000K, reserved 1062912K
  class space    used 1820K, capacity 1912K, committed 1920K, reserved 1048576K
}
Event: 12.009 GC heap before
{Heap before GC invocations=4 (full 0):
 PSYoungGen      total 104960K, used 104944K [0x0000000781700000, 0x000000078e400000, 0x00000007c0000000)
  eden space 97280K, 100% used [0x0000000781700000,0x0000000787600000,0x0000000787600000)
  from space 7680K, 99% used [0x0000000787600000,0x0000000787d7c030,0x0000000787d80000)
  to   space 7680K, 0% used [0x000000078dc80000,0x000000078dc80000,0x000000078e400000)
 ParOldGen       total 128512K, used 12889K [0x0000000704400000, 0x000000070c180000, 0x0000000781700000)
  object space 128512K, 10% used [0x0000000704400000,0x0000000705096438,0x000000070c180000)
 Metaspace       used 16272K, capacity 16510K, committed 16768K, reserved 1064960K
  class space    used 1832K, capacity 1917K, committed 1920K, reserved 1048576K
Event: 12.121 GC heap after
Heap after GC invocations=4 (full 0):
 PSYoungGen      total 202240K, used 7664K [0x0000000781700000, 0x000000078e400000, 0x00000007c0000000)
  eden space 194560K, 0% used [0x0000000781700000,0x0000000781700000,0x000000078d500000)
  from space 7680K, 99% used [0x000000078dc80000,0x000000078e3fc030,0x000000078e400000)
  to   space 7680K, 0% used [0x000000078d500000,0x000000078d500000,0x000000078dc80000)
 ParOldGen       total 128512K, used 23077K [0x0000000704400000, 0x000000070c180000, 0x0000000781700000)
  object space 128512K, 17% used [0x0000000704400000,0x0000000705a89618,0x000000070c180000)
 Metaspace       used 16272K, capacity 16510K, committed 16768K, reserved 1064960K
  class space    used 1832K, capacity 1917K, committed 1920K, reserved 1048576K
}
Event: 15.684 GC heap before
{Heap before GC invocations=5 (full 0):
 PSYoungGen      total 202240K, used 165986K [0x0000000781700000, 0x000000078e400000, 0x00000007c0000000)
  eden space 194560K, 81% used [0x0000000781700000,0x000000078b19cb30,0x000000078d500000)
  from space 7680K, 99% used [0x000000078dc80000,0x000000078e3fc030,0x000000078e400000)
  to   space 7680K, 0% used [0x000000078d500000,0x000000078d500000,0x000000078dc80000)
 ParOldGen       total 128512K, used 23077K [0x0000000704400000, 0x000000070c180000, 0x0000000781700000)
  object space 128512K, 17% used [0x0000000704400000,0x0000000705a89618,0x000000070c180000)
 Metaspace       used 20657K, capacity 21088K, committed 21296K, reserved 1069056K
  class space    used 2227K, capacity 2354K, committed 2432K, reserved 1048576K
Event: 15.748 GC heap after
Heap after GC invocations=5 (full 0):
 PSYoungGen      total 202240K, used 7648K [0x0000000781700000, 0x000000079c400000, 0x00000007c0000000)
  eden space 194560K, 0% used [0x0000000781700000,0x0000000781700000,0x000000078d500000)
  from space 7680K, 99% used [0x000000078d500000,0x000000078dc78020,0x000000078dc80000)
  to   space 25088K, 0% used [0x000000079ab80000,0x000000079ab80000,0x000000079c400000)
 ParOldGen       total 128512K, used 34978K [0x0000000704400000, 0x000000070c180000, 0x0000000781700000)
  object space 128512K, 27% used [0x0000000704400000,0x00000007066289e0,0x000000070c180000)
 Metaspace       used 20657K, capacity 21088K, committed 21296K, reserved 1069056K
  class space    used 2227K, capacity 2354K, committed 2432K, reserved 1048576K
}
Event: 15.748 GC heap before
{Heap before GC invocations=6 (full 1):
 PSYoungGen      total 202240K, used 7648K [0x0000000781700000, 0x000000079c400000, 0x00000007c0000000)
  eden space 194560K, 0% used [0x0000000781700000,0x0000000781700000,0x000000078d500000)
  from space 7680K, 99% used [0x000000078d500000,0x000000078dc78020,0x000000078dc80000)
  to   space 25088K, 0% used [0x000000079ab80000,0x000000079ab80000,0x000000079c400000)
 ParOldGen       total 128512K, used 34978K [0x0000000704400000, 0x000000070c180000, 0x0000000781700000)
  object space 128512K, 27% used [0x0000000704400000,0x00000007066289e0,0x000000070c180000)
 Metaspace       used 20657K, capacity 21088K, committed 21296K, reserved 1069056K
  class space    used 2227K, capacity 2354K, committed 2432K, reserved 1048576K
Event: 15.986 GC heap after
Heap after GC invocations=6 (full 1):
 PSYoungGen      total 202240K, used 0K [0x0000000781700000, 0x000000079c400000, 0x00000007c0000000)
  eden space 194560K, 0% used [0x0000000781700000,0x0000000781700000,0x000000078d500000)
  from space 7680K, 0% used [0x000000078d500000,0x000000078d500000,0x000000078dc80000)
  to   space 25088K, 0% used [0x000000079ab80000,0x000000079ab80000,0x000000079c400000)
 ParOldGen       total 123904K, used 37674K [0x0000000704400000, 0x000000070bd00000, 0x0000000781700000)
  object space 123904K, 30% used [0x0000000704400000,0x00000007068ca818,0x000000070bd00000)
 Metaspace       used 20657K, capacity 21088K, committed 21296K, reserved 1069056K
  class space    used 2227K, capacity 2354K, committed 2432K, reserved 1048576K
}

