# JRE version: OpenJDK Runtime Environment (8.0_212) (build 1.8.0_212-8u-04)
# Java VM: OpenJDK 64-Bit Server VM (25.212-b04 mixed mode windows-amd64 compressed oops)
Heap:
 PSYoungGen      total 406016K, used 203642K [0x0000000781700000, 0x000000079c380000, 0x00000007c0000000)
  eden space 384000K, 53% used [0x0000000781700000,0x000000078ddde860,0x0000000798e00000)
  from space 22016K, 0% used [0x0000000798e00000,0x0000000798e00000,0x000000079a380000)
  to   space 21504K, 0% used [0x000000079ae80000,0x000000079ae80000,0x000000079c380000)
 ParOldGen       total 171520K, used 45557K [0x0000000704400000, 0x000000070eb80000, 0x0000000781700000)
  object space 171520K, 26% used [0x0000000704400000,0x000000070707d4b0,0x000000070eb80000)
 Metaspace       used 39479K, capacity 40708K, committed 40960K, reserved 1085440K
  class space    used 4639K, capacity 5055K, committed 5120K, reserved 1048576K
GC Heap History (10 events):
Event: 4.852 GC heap before
{Heap before GC invocations=7 (full 0):
 PSYoungGen      total 214016K, used 88005K [0x0000000781700000, 0x000000078fb00000, 0x00000007c0000000)
  eden space 194560K, 37% used [0x0000000781700000,0x0000000785ede560,0x000000078d500000)
  from space 19456K, 74% used [0x000000078e800000,0x000000078f612f28,0x000000078fb00000)
  to   space 19456K, 0% used [0x000000078d500000,0x000000078d500000,0x000000078e800000)
 ParOldGen       total 128512K, used 23052K [0x0000000704400000, 0x000000070c180000, 0x0000000781700000)
  object space 128512K, 17% used [0x0000000704400000,0x0000000705a83318,0x000000070c180000)
 Metaspace       used 20732K, capacity 21088K, committed 21296K, reserved 1069056K
  class space    used 2248K, capacity 2354K, committed 2432K, reserved 1048576K
Event: 4.880 GC heap after
Heap after GC invocations=7 (full 0):
 PSYoungGen      total 214016K, used 16455K [0x0000000781700000, 0x000000079bb00000, 0x00000007c0000000)
  eden space 194560K, 0% used [0x0000000781700000,0x0000000781700000,0x000000078d500000)
  from space 19456K, 84% used [0x000000078d500000,0x000000078e511e48,0x000000078e800000)
  to   space 20480K, 0% used [0x000000079a700000,0x000000079a700000,0x000000079bb00000)
 ParOldGen       total 128512K, used 25774K [0x0000000704400000, 0x000000070c180000, 0x0000000781700000)
  object space 128512K, 20% used [0x0000000704400000,0x0000000705d2bb48,0x000000070c180000)
 Metaspace       used 20732K, capacity 21088K, committed 21296K, reserved 1069056K
  class space    used 2248K, capacity 2354K, committed 2432K, reserved 1048576K
}
Event: 4.880 GC heap before
{Heap before GC invocations=8 (full 1):
 PSYoungGen      total 214016K, used 16455K [0x0000000781700000, 0x000000079bb00000, 0x00000007c0000000)
  eden space 194560K, 0% used [0x0000000781700000,0x0000000781700000,0x000000078d500000)
  from space 19456K, 84% used [0x000000078d500000,0x000000078e511e48,0x000000078e800000)
  to   space 20480K, 0% used [0x000000079a700000,0x000000079a700000,0x000000079bb00000)
 ParOldGen       total 128512K, used 25774K [0x0000000704400000, 0x000000070c180000, 0x0000000781700000)
  object space 128512K, 20% used [0x0000000704400000,0x0000000705d2bb48,0x000000070c180000)
 Metaspace       used 20732K, capacity 21088K, committed 21296K, reserved 1069056K
  class space    used 2248K, capacity 2354K, committed 2432K, reserved 1048576K
Event: 5.026 GC heap after
Heap after GC invocations=8 (full 1):
 PSYoungGen      total 214016K, used 0K [0x0000000781700000, 0x000000079bb00000, 0x00000007c0000000)
  eden space 194560K, 0% used [0x0000000781700000,0x0000000781700000,0x000000078d500000)
  from space 19456K, 0% used [0x000000078d500000,0x000000078d500000,0x000000078e800000)
  to   space 20480K, 0% used [0x000000079a700000,0x000000079a700000,0x000000079bb00000)
 ParOldGen       total 117760K, used 36549K [0x0000000704400000, 0x000000070b700000, 0x0000000781700000)
  object space 117760K, 31% used [0x0000000704400000,0x00000007067b17f0,0x000000070b700000)
 Metaspace       used 20732K, capacity 21088K, committed 21296K, reserved 1069056K
  class space    used 2248K, capacity 2354K, committed 2432K, reserved 1048576K
}
Event: 7.162 GC heap before
{Heap before GC invocations=9 (full 1):
 PSYoungGen      total 214016K, used 194560K [0x0000000781700000, 0x000000079bb00000, 0x00000007c0000000)
  eden space 194560K, 100% used [0x0000000781700000,0x000000078d500000,0x000000078d500000)
  from space 19456K, 0% used [0x000000078d500000,0x000000078d500000,0x000000078e800000)
  to   space 20480K, 0% used [0x000000079a700000,0x000000079a700000,0x000000079bb00000)
 ParOldGen       total 117760K, used 36549K [0x0000000704400000, 0x000000070b700000, 0x0000000781700000)
  object space 117760K, 31% used [0x0000000704400000,0x00000007067b17f0,0x000000070b700000)
 Metaspace       used 32523K, capacity 33616K, committed 33664K, reserved 1079296K
  class space    used 3841K, capacity 4209K, committed 4224K, reserved 1048576K
Event: 7.186 GC heap after
Heap after GC invocations=9 (full 1):
 PSYoungGen      total 310784K, used 18403K [0x0000000781700000, 0x000000079b900000, 0x00000007c0000000)
  eden space 292352K, 0% used [0x0000000781700000,0x0000000781700000,0x0000000793480000)
  from space 18432K, 99% used [0x000000079a700000,0x000000079b8f8c50,0x000000079b900000)
  to   space 22016K, 0% used [0x0000000798e00000,0x0000000798e00000,0x000000079a380000)
 ParOldGen       total 117760K, used 36557K [0x0000000704400000, 0x000000070b700000, 0x0000000781700000)
  object space 117760K, 31% used [0x0000000704400000,0x00000007067b37f0,0x000000070b700000)
 Metaspace       used 32523K, capacity 33616K, committed 33664K, reserved 1079296K
  class space    used 3841K, capacity 4209K, committed 4224K, reserved 1048576K
}
Event: 7.469 GC heap before
{Heap before GC invocations=10 (full 1):
 PSYoungGen      total 310784K, used 39260K [0x0000000781700000, 0x000000079b900000, 0x00000007c0000000)
  eden space 292352K, 7% used [0x0000000781700000,0x0000000782b5e470,0x0000000793480000)
  from space 18432K, 99% used [0x000000079a700000,0x000000079b8f8c50,0x000000079b900000)
  to   space 22016K, 0% used [0x0000000798e00000,0x0000000798e00000,0x000000079a380000)
 ParOldGen       total 117760K, used 36557K [0x0000000704400000, 0x000000070b700000, 0x0000000781700000)
  object space 117760K, 31% used [0x0000000704400000,0x00000007067b37f0,0x000000070b700000)
 Metaspace       used 34259K, capacity 35420K, committed 35456K, reserved 1081344K
  class space    used 4063K, capacity 4449K, committed 4480K, reserved 1048576K
Event: 7.493 GC heap after
Heap after GC invocations=10 (full 1):
 PSYoungGen      total 406016K, used 11871K [0x0000000781700000, 0x000000079c380000, 0x00000007c0000000)
  eden space 384000K, 0% used [0x0000000781700000,0x0000000781700000,0x0000000798e00000)
  from space 22016K, 53% used [0x0000000798e00000,0x0000000799997d68,0x000000079a380000)
  to   space 21504K, 0% used [0x000000079ae80000,0x000000079ae80000,0x000000079c380000)
 ParOldGen       total 117760K, used 36565K [0x0000000704400000, 0x000000070b700000, 0x0000000781700000)
  object space 117760K, 31% used [0x0000000704400000,0x00000007067b57f0,0x000000070b700000)
 Metaspace       used 34259K, capacity 35420K, committed 35456K, reserved 1081344K
  class space    used 4063K, capacity 4449K, committed 4480K, reserved 1048576K
}
Event: 7.493 GC heap before
{Heap before GC invocations=11 (full 2):
 PSYoungGen      total 406016K, used 11871K [0x0000000781700000, 0x000000079c380000, 0x00000007c0000000)
  eden space 384000K, 0% used [0x0000000781700000,0x0000000781700000,0x0000000798e00000)
  from space 22016K, 53% used [0x0000000798e00000,0x0000000799997d68,0x000000079a380000)
  to   space 21504K, 0% used [0x000000079ae80000,0x000000079ae80000,0x000000079c380000)
 ParOldGen       total 117760K, used 36565K [0x0000000704400000, 0x000000070b700000, 0x0000000781700000)
  object space 117760K, 31% used [0x0000000704400000,0x00000007067b57f0,0x000000070b700000)
 Metaspace       used 34259K, capacity 35420K, committed 35456K, reserved 1081344K
  class space    used 4063K, capacity 4449K, committed 4480K, reserved 1048576K
Event: 7.808 GC heap after
Heap after GC invocations=11 (full 2):
 PSYoungGen      total 406016K, used 0K [0x0000000781700000, 0x000000079c380000, 0x00000007c0000000)
  eden space 384000K, 0% used [0x0000000781700000,0x0000000781700000,0x0000000798e00000)
  from space 22016K, 0% used [0x0000000798e00000,0x0000000798e00000,0x000000079a380000)
  to   space 21504K, 0% used [0x000000079ae80000,0x000000079ae80000,0x000000079c380000)
 ParOldGen       total 171520K, used 45557K [0x0000000704400000, 0x000000070eb80000, 0x0000000781700000)
  object space 171520K, 26% used [0x0000000704400000,0x000000070707d4b0,0x000000070eb80000)
 Metaspace       used 34180K, capacity 35226K, committed 35456K, reserved 1081344K
  class space    used 4035K, capacity 4398K, committed 4480K, reserved 1048576K
}

