# JRE version: OpenJDK Runtime Environment (8.0_212) (build 1.8.0_212-8u-04)
# Java VM: OpenJDK 64-Bit Server VM (25.212-b04 mixed mode windows-amd64 compressed oops)
Heap:
 PSYoungGen      total 104960K, used 53990K [0x0000000781700000, 0x000000078fa00000, 0x00000007c0000000)
  eden space 97280K, 47% used [0x0000000781700000,0x000000078443d8e0,0x0000000787600000)
  from space 7680K, 99% used [0x0000000787600000,0x0000000787d7c010,0x0000000787d80000)
  to   space 18944K, 0% used [0x000000078e780000,0x000000078e780000,0x000000078fa00000)
 ParOldGen       total 128512K, used 22797K [0x0000000704400000, 0x000000070c180000, 0x0000000781700000)
  object space 128512K, 17% used [0x0000000704400000,0x0000000705a43410,0x000000070c180000)
 Metaspace       used 16224K, capacity 16458K, committed 16512K, reserved 1064960K
  class space    used 1834K, capacity 1919K, committed 1920K, reserved 1048576K
GC Heap History (10 events):
Event: 1.061 GC heap before
{Heap before GC invocations=1 (full 0):
 PSYoungGen      total 56320K, used 48640K [0x0000000781700000, 0x0000000785580000, 0x00000007c0000000)
  eden space 48640K, 100% used [0x0000000781700000,0x0000000784680000,0x0000000784680000)
  from space 7680K, 0% used [0x0000000784e00000,0x0000000784e00000,0x0000000785580000)
  to   space 7680K, 0% used [0x0000000784680000,0x0000000784680000,0x0000000784e00000)
 ParOldGen       total 128512K, used 0K [0x0000000704400000, 0x000000070c180000, 0x0000000781700000)
  object space 128512K, 0% used [0x0000000704400000,0x0000000704400000,0x000000070c180000)
 Metaspace       used 10130K, capacity 10262K, committed 10496K, reserved 1058816K
  class space    used 1200K, capacity 1247K, committed 1280K, reserved 1048576K
Event: 1.067 GC heap after
Heap after GC invocations=1 (full 0):
 PSYoungGen      total 56320K, used 7508K [0x0000000781700000, 0x0000000785580000, 0x00000007c0000000)
  eden space 48640K, 0% used [0x0000000781700000,0x0000000781700000,0x0000000784680000)
  from space 7680K, 97% used [0x0000000784680000,0x0000000784dd5108,0x0000000784e00000)
  to   space 7680K, 0% used [0x0000000784e00000,0x0000000784e00000,0x0000000785580000)
 ParOldGen       total 128512K, used 16K [0x0000000704400000, 0x000000070c180000, 0x0000000781700000)
  object space 128512K, 0% used [0x0000000704400000,0x0000000704404000,0x000000070c180000)
 Metaspace       used 10130K, capacity 10262K, committed 10496K, reserved 1058816K
  class space    used 1200K, capacity 1247K, committed 1280K, reserved 1048576K
}
Event: 1.767 GC heap before
{Heap before GC invocations=2 (full 0):
 PSYoungGen      total 56320K, used 56148K [0x0000000781700000, 0x0000000785580000, 0x00000007c0000000)
  eden space 48640K, 100% used [0x0000000781700000,0x0000000784680000,0x0000000784680000)
  from space 7680K, 97% used [0x0000000784680000,0x0000000784dd5108,0x0000000784e00000)
  to   space 7680K, 0% used [0x0000000784e00000,0x0000000784e00000,0x0000000785580000)
 ParOldGen       total 128512K, used 16K [0x0000000704400000, 0x000000070c180000, 0x0000000781700000)
  object space 128512K, 0% used [0x0000000704400000,0x0000000704404000,0x000000070c180000)
 Metaspace       used 14946K, capacity 15144K, committed 15232K, reserved 1062912K
  class space    used 1779K, capacity 1876K, committed 1920K, reserved 1048576K
Event: 1.786 GC heap after
Heap after GC invocations=2 (full 0):
 PSYoungGen      total 56320K, used 7668K [0x0000000781700000, 0x0000000788500000, 0x00000007c0000000)
  eden space 48640K, 0% used [0x0000000781700000,0x0000000781700000,0x0000000784680000)
  from space 7680K, 99% used [0x0000000784e00000,0x000000078557d1e8,0x0000000785580000)
  to   space 7680K, 0% used [0x0000000784680000,0x0000000784680000,0x0000000784e00000)
 ParOldGen       total 128512K, used 3071K [0x0000000704400000, 0x000000070c180000, 0x0000000781700000)
  object space 128512K, 2% used [0x0000000704400000,0x00000007046ffc68,0x000000070c180000)
 Metaspace       used 14946K, capacity 15144K, committed 15232K, reserved 1062912K
  class space    used 1779K, capacity 1876K, committed 1920K, reserved 1048576K
}
Event: 2.125 GC heap before
{Heap before GC invocations=3 (full 0):
 PSYoungGen      total 56320K, used 56308K [0x0000000781700000, 0x0000000788500000, 0x00000007c0000000)
  eden space 48640K, 100% used [0x0000000781700000,0x0000000784680000,0x0000000784680000)
  from space 7680K, 99% used [0x0000000784e00000,0x000000078557d1e8,0x0000000785580000)
  to   space 7680K, 0% used [0x0000000784680000,0x0000000784680000,0x0000000784e00000)
 ParOldGen       total 128512K, used 3071K [0x0000000704400000, 0x000000070c180000, 0x0000000781700000)
  object space 128512K, 2% used [0x0000000704400000,0x00000007046ffc68,0x000000070c180000)
 Metaspace       used 15388K, capacity 15630K, committed 15744K, reserved 1062912K
  class space    used 1802K, capacity 1909K, committed 1920K, reserved 1048576K
Event: 2.140 GC heap after
Heap after GC invocations=3 (full 0):
 PSYoungGen      total 56320K, used 7664K [0x0000000781700000, 0x0000000788500000, 0x00000007c0000000)
  eden space 48640K, 0% used [0x0000000781700000,0x0000000781700000,0x0000000784680000)
  from space 7680K, 99% used [0x0000000784680000,0x0000000784dfc030,0x0000000784e00000)
  to   space 7680K, 0% used [0x0000000787d80000,0x0000000787d80000,0x0000000788500000)
 ParOldGen       total 128512K, used 7969K [0x0000000704400000, 0x000000070c180000, 0x0000000781700000)
  object space 128512K, 6% used [0x0000000704400000,0x0000000704bc87c8,0x000000070c180000)
 Metaspace       used 15388K, capacity 15630K, committed 15744K, reserved 1062912K
  class space    used 1802K, capacity 1909K, committed 1920K, reserved 1048576K
}
Event: 2.415 GC heap before
{Heap before GC invocations=4 (full 0):
 PSYoungGen      total 56320K, used 56304K [0x0000000781700000, 0x0000000788500000, 0x00000007c0000000)
  eden space 48640K, 100% used [0x0000000781700000,0x0000000784680000,0x0000000784680000)
  from space 7680K, 99% used [0x0000000784680000,0x0000000784dfc030,0x0000000784e00000)
  to   space 7680K, 0% used [0x0000000787d80000,0x0000000787d80000,0x0000000788500000)
 ParOldGen       total 128512K, used 7969K [0x0000000704400000, 0x000000070c180000, 0x0000000781700000)
  object space 128512K, 6% used [0x0000000704400000,0x0000000704bc87c8,0x000000070c180000)
 Metaspace       used 15652K, capacity 15840K, committed 16000K, reserved 1062912K
  class space    used 1820K, capacity 1912K, committed 1920K, reserved 1048576K
Event: 2.431 GC heap after
Heap after GC invocations=4 (full 0):
 PSYoungGen      total 104960K, used 7664K [0x0000000781700000, 0x0000000788500000, 0x00000007c0000000)
  eden space 97280K, 0% used [0x0000000781700000,0x0000000781700000,0x0000000787600000)
  from space 7680K, 99% used [0x0000000787d80000,0x00000007884fc010,0x0000000788500000)
  to   space 7680K, 0% used [0x0000000787600000,0x0000000787600000,0x0000000787d80000)
 ParOldGen       total 128512K, used 12676K [0x0000000704400000, 0x000000070c180000, 0x0000000781700000)
  object space 128512K, 9% used [0x0000000704400000,0x0000000705061188,0x000000070c180000)
 Metaspace       used 15652K, capacity 15840K, committed 16000K, reserved 1062912K
  class space    used 1820K, capacity 1912K, committed 1920K, reserved 1048576K
}
Event: 3.070 GC heap before
{Heap before GC invocations=5 (full 0):
 PSYoungGen      total 104960K, used 104944K [0x0000000781700000, 0x0000000788500000, 0x00000007c0000000)
  eden space 97280K, 100% used [0x0000000781700000,0x0000000787600000,0x0000000787600000)
  from space 7680K, 99% used [0x0000000787d80000,0x00000007884fc010,0x0000000788500000)
  to   space 7680K, 0% used [0x0000000787600000,0x0000000787600000,0x0000000787d80000)
 ParOldGen       total 128512K, used 12676K [0x0000000704400000, 0x000000070c180000, 0x0000000781700000)
  object space 128512K, 9% used [0x0000000704400000,0x0000000705061188,0x000000070c180000)
 Metaspace       used 16118K, capacity 16318K, committed 16512K, reserved 1064960K
  class space    used 1833K, capacity 1917K, committed 1920K, reserved 1048576K
Event: 3.098 GC heap after
Heap after GC invocations=5 (full 0):
 PSYoungGen      total 104960K, used 7664K [0x0000000781700000, 0x000000078fa00000, 0x00000007c0000000)
  eden space 97280K, 0% used [0x0000000781700000,0x0000000781700000,0x0000000787600000)
  from space 7680K, 99% used [0x0000000787600000,0x0000000787d7c010,0x0000000787d80000)
  to   space 18944K, 0% used [0x000000078e780000,0x000000078e780000,0x000000078fa00000)
 ParOldGen       total 128512K, used 22797K [0x0000000704400000, 0x000000070c180000, 0x0000000781700000)
  object space 128512K, 17% used [0x0000000704400000,0x0000000705a43410,0x000000070c180000)
 Metaspace       used 16118K, capacity 16318K, committed 16512K, reserved 1064960K
  class space    used 1833K, capacity 1917K, committed 1920K, reserved 1048576K
}

