# JRE version: OpenJDK Runtime Environment (8.0_212) (build 1.8.0_212-8u-04)
# Java VM: OpenJDK 64-Bit Server VM (25.212-b04 mixed mode windows-amd64 compressed oops)
Heap:
 PSYoungGen      total 373248K, used 200282K [0x0000000781700000, 0x000000079a780000, 0x00000007c0000000)
  eden space 361472K, 55% used [0x0000000781700000,0x000000078da96920,0x0000000797800000)
  from space 11776K, 0% used [0x0000000798e80000,0x0000000798e80000,0x0000000799a00000)
  to   space 13824K, 0% used [0x0000000799a00000,0x0000000799a00000,0x000000079a780000)
 ParOldGen       total 122880K, used 45169K [0x0000000704400000, 0x000000070bc00000, 0x0000000781700000)
  object space 122880K, 36% used [0x0000000704400000,0x000000070701c690,0x000000070bc00000)
 Metaspace       used 39287K, capacity 40554K, committed 41088K, reserved 1085440K
  class space    used 4605K, capacity 5024K, committed 5248K, reserved 1048576K
GC Heap History (10 events):
Event: 5.716 GC heap before
{Heap before GC invocations=7 (full 0):
 PSYoungGen      total 213504K, used 94233K [0x0000000781700000, 0x000000078fa00000, 0x00000007c0000000)
  eden space 194560K, 41% used [0x0000000781700000,0x0000000786532410,0x000000078d500000)
  from space 18944K, 74% used [0x000000078e780000,0x000000078f554010,0x000000078fa00000)
  to   space 18944K, 0% used [0x000000078d500000,0x000000078d500000,0x000000078e780000)
 ParOldGen       total 128512K, used 22263K [0x0000000704400000, 0x000000070c180000, 0x0000000781700000)
  object space 128512K, 17% used [0x0000000704400000,0x00000007059bdc58,0x000000070c180000)
 Metaspace       used 20687K, capacity 21088K, committed 21296K, reserved 1069056K
  class space    used 2230K, capacity 2354K, committed 2432K, reserved 1048576K
Event: 5.747 GC heap after
Heap after GC invocations=7 (full 0):
 PSYoungGen      total 213504K, used 16825K [0x0000000781700000, 0x000000079bb00000, 0x00000007c0000000)
  eden space 194560K, 0% used [0x0000000781700000,0x0000000781700000,0x000000078d500000)
  from space 18944K, 88% used [0x000000078d500000,0x000000078e56e5f8,0x000000078e780000)
  to   space 20480K, 0% used [0x000000079a700000,0x000000079a700000,0x000000079bb00000)
 ParOldGen       total 128512K, used 25529K [0x0000000704400000, 0x000000070c180000, 0x0000000781700000)
  object space 128512K, 19% used [0x0000000704400000,0x0000000705cee4a8,0x000000070c180000)
 Metaspace       used 20687K, capacity 21088K, committed 21296K, reserved 1069056K
  class space    used 2230K, capacity 2354K, committed 2432K, reserved 1048576K
}
Event: 5.747 GC heap before
{Heap before GC invocations=8 (full 1):
 PSYoungGen      total 213504K, used 16825K [0x0000000781700000, 0x000000079bb00000, 0x00000007c0000000)
  eden space 194560K, 0% used [0x0000000781700000,0x0000000781700000,0x000000078d500000)
  from space 18944K, 88% used [0x000000078d500000,0x000000078e56e5f8,0x000000078e780000)
  to   space 20480K, 0% used [0x000000079a700000,0x000000079a700000,0x000000079bb00000)
 ParOldGen       total 128512K, used 25529K [0x0000000704400000, 0x000000070c180000, 0x0000000781700000)
  object space 128512K, 19% used [0x0000000704400000,0x0000000705cee4a8,0x000000070c180000)
 Metaspace       used 20687K, capacity 21088K, committed 21296K, reserved 1069056K
  class space    used 2230K, capacity 2354K, committed 2432K, reserved 1048576K
Event: 5.984 GC heap after
Heap after GC invocations=8 (full 1):
 PSYoungGen      total 213504K, used 0K [0x0000000781700000, 0x000000079bb00000, 0x00000007c0000000)
  eden space 194560K, 0% used [0x0000000781700000,0x0000000781700000,0x000000078d500000)
  from space 18944K, 0% used [0x000000078d500000,0x000000078d500000,0x000000078e780000)
  to   space 20480K, 0% used [0x000000079a700000,0x000000079a700000,0x000000079bb00000)
 ParOldGen       total 122880K, used 36895K [0x0000000704400000, 0x000000070bc00000, 0x0000000781700000)
  object space 122880K, 30% used [0x0000000704400000,0x0000000706807d10,0x000000070bc00000)
 Metaspace       used 20687K, capacity 21088K, committed 21296K, reserved 1069056K
  class space    used 2230K, capacity 2354K, committed 2432K, reserved 1048576K
}
Event: 8.719 GC heap before
{Heap before GC invocations=9 (full 1):
 PSYoungGen      total 213504K, used 194560K [0x0000000781700000, 0x000000079bb00000, 0x00000007c0000000)
  eden space 194560K, 100% used [0x0000000781700000,0x000000078d500000,0x000000078d500000)
  from space 18944K, 0% used [0x000000078d500000,0x000000078d500000,0x000000078e780000)
  to   space 20480K, 0% used [0x000000079a700000,0x000000079a700000,0x000000079bb00000)
 ParOldGen       total 122880K, used 36895K [0x0000000704400000, 0x000000070bc00000, 0x0000000781700000)
  object space 122880K, 30% used [0x0000000704400000,0x0000000706807d10,0x000000070bc00000)
 Metaspace       used 32701K, capacity 34006K, committed 34304K, reserved 1079296K
  class space    used 3867K, capacity 4262K, committed 4352K, reserved 1048576K
Event: 8.739 GC heap after
Heap after GC invocations=9 (full 1):
 PSYoungGen      total 289792K, used 18688K [0x0000000781700000, 0x000000079b980000, 0x00000007c0000000)
  eden space 270848K, 0% used [0x0000000781700000,0x0000000781700000,0x0000000791f80000)
  from space 18944K, 98% used [0x000000079a700000,0x000000079b9403e0,0x000000079b980000)
  to   space 22016K, 0% used [0x0000000798e80000,0x0000000798e80000,0x000000079a400000)
 ParOldGen       total 122880K, used 36903K [0x0000000704400000, 0x000000070bc00000, 0x0000000781700000)
  object space 122880K, 30% used [0x0000000704400000,0x0000000706809d10,0x000000070bc00000)
 Metaspace       used 32701K, capacity 34006K, committed 34304K, reserved 1079296K
  class space    used 3867K, capacity 4262K, committed 4352K, reserved 1048576K
}
Event: 8.907 GC heap before
{Heap before GC invocations=10 (full 1):
 PSYoungGen      total 289792K, used 33385K [0x0000000781700000, 0x000000079b980000, 0x00000007c0000000)
  eden space 270848K, 5% used [0x0000000781700000,0x000000078255a3e0,0x0000000791f80000)
  from space 18944K, 98% used [0x000000079a700000,0x000000079b9403e0,0x000000079b980000)
  to   space 22016K, 0% used [0x0000000798e80000,0x0000000798e80000,0x000000079a400000)
 ParOldGen       total 122880K, used 36903K [0x0000000704400000, 0x000000070bc00000, 0x0000000781700000)
  object space 122880K, 30% used [0x0000000704400000,0x0000000706809d10,0x000000070bc00000)
 Metaspace       used 34024K, capacity 35362K, committed 35456K, reserved 1081344K
  class space    used 4029K, capacity 4438K, committed 4480K, reserved 1048576K
Event: 8.933 GC heap after
Heap after GC invocations=10 (full 1):
 PSYoungGen      total 373248K, used 11526K [0x0000000781700000, 0x000000079a780000, 0x00000007c0000000)
  eden space 361472K, 0% used [0x0000000781700000,0x0000000781700000,0x0000000797800000)
  from space 11776K, 97% used [0x0000000798e80000,0x00000007999c1820,0x0000000799a00000)
  to   space 13824K, 0% used [0x0000000799a00000,0x0000000799a00000,0x000000079a780000)
 ParOldGen       total 122880K, used 36911K [0x0000000704400000, 0x000000070bc00000, 0x0000000781700000)
  object space 122880K, 30% used [0x0000000704400000,0x000000070680bd10,0x000000070bc00000)
 Metaspace       used 34024K, capacity 35362K, committed 35456K, reserved 1081344K
  class space    used 4029K, capacity 4438K, committed 4480K, reserved 1048576K
}
Event: 8.933 GC heap before
{Heap before GC invocations=11 (full 2):
 PSYoungGen      total 373248K, used 11526K [0x0000000781700000, 0x000000079a780000, 0x00000007c0000000)
  eden space 361472K, 0% used [0x0000000781700000,0x0000000781700000,0x0000000797800000)
  from space 11776K, 97% used [0x0000000798e80000,0x00000007999c1820,0x0000000799a00000)
  to   space 13824K, 0% used [0x0000000799a00000,0x0000000799a00000,0x000000079a780000)
 ParOldGen       total 122880K, used 36911K [0x0000000704400000, 0x000000070bc00000, 0x0000000781700000)
  object space 122880K, 30% used [0x0000000704400000,0x000000070680bd10,0x000000070bc00000)
 Metaspace       used 34024K, capacity 35362K, committed 35456K, reserved 1081344K
  class space    used 4029K, capacity 4438K, committed 4480K, reserved 1048576K
Event: 9.181 GC heap after
Heap after GC invocations=11 (full 2):
 PSYoungGen      total 373248K, used 0K [0x0000000781700000, 0x000000079a780000, 0x00000007c0000000)
  eden space 361472K, 0% used [0x0000000781700000,0x0000000781700000,0x0000000797800000)
  from space 11776K, 0% used [0x0000000798e80000,0x0000000798e80000,0x0000000799a00000)
  to   space 13824K, 0% used [0x0000000799a00000,0x0000000799a00000,0x000000079a780000)
 ParOldGen       total 122880K, used 45169K [0x0000000704400000, 0x000000070bc00000, 0x0000000781700000)
  object space 122880K, 36% used [0x0000000704400000,0x000000070701c690,0x000000070bc00000)
 Metaspace       used 33866K, capacity 34976K, committed 35456K, reserved 1081344K
  class space    used 3971K, capacity 4335K, committed 4480K, reserved 1048576K
}

