# JRE version: OpenJDK Runtime Environment (8.0_212) (build 1.8.0_212-8u-04)
# Java VM: OpenJDK 64-Bit Server VM (25.212-b04 mixed mode windows-amd64 compressed oops)
Heap:
 PSYoungGen      total 213504K, used 7918K [0x0000000781700000, 0x000000079ba00000, 0x00000007c0000000)
  eden space 194560K, 4% used [0x0000000781700000,0x0000000781ebb930,0x000000078d500000)
  from space 18944K, 0% used [0x000000078d500000,0x000000078d500000,0x000000078e780000)
  to   space 19968K, 0% used [0x000000079a680000,0x000000079a680000,0x000000079ba00000)
 ParOldGen       total 123392K, used 36976K [0x0000000704400000, 0x000000070bc80000, 0x0000000781700000)
  object space 123392K, 29% used [0x0000000704400000,0x000000070681c2b8,0x000000070bc80000)
 Metaspace       used 21337K, capacity 21760K, committed 21936K, reserved 1069056K
  class space    used 2312K, capacity 2452K, committed 2560K, reserved 1048576K
GC Heap History (10 events):
Event: 2.251 GC heap before
{Heap before GC invocations=4 (full 0):
 PSYoungGen      total 56320K, used 56288K [0x0000000781700000, 0x0000000788500000, 0x00000007c0000000)
  eden space 48640K, 100% used [0x0000000781700000,0x0000000784680000,0x0000000784680000)
  from space 7680K, 99% used [0x0000000784680000,0x0000000784df8020,0x0000000784e00000)
  to   space 7680K, 0% used [0x0000000787d80000,0x0000000787d80000,0x0000000788500000)
 ParOldGen       total 128512K, used 7851K [0x0000000704400000, 0x000000070c180000, 0x0000000781700000)
  object space 128512K, 6% used [0x0000000704400000,0x0000000704baade0,0x000000070c180000)
 Metaspace       used 15678K, capacity 15904K, committed 16000K, reserved 1062912K
  class space    used 1820K, capacity 1912K, committed 1920K, reserved 1048576K
Event: 2.267 GC heap after
Heap after GC invocations=4 (full 0):
 PSYoungGen      total 104960K, used 7664K [0x0000000781700000, 0x0000000788500000, 0x00000007c0000000)
  eden space 97280K, 0% used [0x0000000781700000,0x0000000781700000,0x0000000787600000)
  from space 7680K, 99% used [0x0000000787d80000,0x00000007884fc030,0x0000000788500000)
  to   space 7680K, 0% used [0x0000000787600000,0x0000000787600000,0x0000000787d80000)
 ParOldGen       total 128512K, used 12689K [0x0000000704400000, 0x000000070c180000, 0x0000000781700000)
  object space 128512K, 9% used [0x0000000704400000,0x0000000705064730,0x000000070c180000)
 Metaspace       used 15678K, capacity 15904K, committed 16000K, reserved 1062912K
  class space    used 1820K, capacity 1912K, committed 1920K, reserved 1048576K
}
Event: 2.866 GC heap before
{Heap before GC invocations=5 (full 0):
 PSYoungGen      total 104960K, used 104944K [0x0000000781700000, 0x0000000788500000, 0x00000007c0000000)
  eden space 97280K, 100% used [0x0000000781700000,0x0000000787600000,0x0000000787600000)
  from space 7680K, 99% used [0x0000000787d80000,0x00000007884fc030,0x0000000788500000)
  to   space 7680K, 0% used [0x0000000787600000,0x0000000787600000,0x0000000787d80000)
 ParOldGen       total 128512K, used 12689K [0x0000000704400000, 0x000000070c180000, 0x0000000781700000)
  object space 128512K, 9% used [0x0000000704400000,0x0000000705064730,0x000000070c180000)
 Metaspace       used 16217K, capacity 16446K, committed 16512K, reserved 1064960K
  class space    used 1837K, capacity 1917K, committed 1920K, reserved 1048576K
Event: 2.892 GC heap after
Heap after GC invocations=5 (full 0):
 PSYoungGen      total 104960K, used 7680K [0x0000000781700000, 0x000000078fa00000, 0x00000007c0000000)
  eden space 97280K, 0% used [0x0000000781700000,0x0000000781700000,0x0000000787600000)
  from space 7680K, 100% used [0x0000000787600000,0x0000000787d80000,0x0000000787d80000)
  to   space 18944K, 0% used [0x000000078e780000,0x000000078e780000,0x000000078fa00000)
 ParOldGen       total 128512K, used 22502K [0x0000000704400000, 0x000000070c180000, 0x0000000781700000)
  object space 128512K, 17% used [0x0000000704400000,0x00000007059f9a50,0x000000070c180000)
 Metaspace       used 16217K, capacity 16446K, committed 16512K, reserved 1064960K
  class space    used 1837K, capacity 1917K, committed 1920K, reserved 1048576K
}
Event: 3.896 GC heap before
{Heap before GC invocations=6 (full 0):
 PSYoungGen      total 104960K, used 104960K [0x0000000781700000, 0x000000078fa00000, 0x00000007c0000000)
  eden space 97280K, 100% used [0x0000000781700000,0x0000000787600000,0x0000000787600000)
  from space 7680K, 100% used [0x0000000787600000,0x0000000787d80000,0x0000000787d80000)
  to   space 18944K, 0% used [0x000000078e780000,0x000000078e780000,0x000000078fa00000)
 ParOldGen       total 128512K, used 22502K [0x0000000704400000, 0x000000070c180000, 0x0000000781700000)
  object space 128512K, 17% used [0x0000000704400000,0x00000007059f9a50,0x000000070c180000)
 Metaspace       used 16613K, capacity 16880K, committed 17152K, reserved 1064960K
  class space    used 1854K, capacity 1952K, committed 2048K, reserved 1048576K
Event: 3.917 GC heap after
Heap after GC invocations=6 (full 0):
 PSYoungGen      total 213504K, used 14224K [0x0000000781700000, 0x000000078fa00000, 0x00000007c0000000)
  eden space 194560K, 0% used [0x0000000781700000,0x0000000781700000,0x000000078d500000)
  from space 18944K, 75% used [0x000000078e780000,0x000000078f564030,0x000000078fa00000)
  to   space 18944K, 0% used [0x000000078d500000,0x000000078d500000,0x000000078e780000)
 ParOldGen       total 128512K, used 22510K [0x0000000704400000, 0x000000070c180000, 0x0000000781700000)
  object space 128512K, 17% used [0x0000000704400000,0x00000007059fba50,0x000000070c180000)
 Metaspace       used 16613K, capacity 16880K, committed 17152K, reserved 1064960K
  class space    used 1854K, capacity 1952K, committed 2048K, reserved 1048576K
}
Event: 4.630 GC heap before
{Heap before GC invocations=7 (full 0):
 PSYoungGen      total 213504K, used 92440K [0x0000000781700000, 0x000000078fa00000, 0x00000007c0000000)
  eden space 194560K, 40% used [0x0000000781700000,0x00000007863620f8,0x000000078d500000)
  from space 18944K, 75% used [0x000000078e780000,0x000000078f564030,0x000000078fa00000)
  to   space 18944K, 0% used [0x000000078d500000,0x000000078d500000,0x000000078e780000)
 ParOldGen       total 128512K, used 22510K [0x0000000704400000, 0x000000070c180000, 0x0000000781700000)
  object space 128512K, 17% used [0x0000000704400000,0x00000007059fba50,0x000000070c180000)
 Metaspace       used 20752K, capacity 21140K, committed 21296K, reserved 1069056K
  class space    used 2241K, capacity 2352K, committed 2432K, reserved 1048576K
Event: 4.660 GC heap after
Heap after GC invocations=7 (full 0):
 PSYoungGen      total 213504K, used 16145K [0x0000000781700000, 0x000000079ba00000, 0x00000007c0000000)
  eden space 194560K, 0% used [0x0000000781700000,0x0000000781700000,0x000000078d500000)
  from space 18944K, 85% used [0x000000078d500000,0x000000078e4c4780,0x000000078e780000)
  to   space 19968K, 0% used [0x000000079a680000,0x000000079a680000,0x000000079ba00000)
 ParOldGen       total 128512K, used 26444K [0x0000000704400000, 0x000000070c180000, 0x0000000781700000)
  object space 128512K, 20% used [0x0000000704400000,0x0000000705dd3300,0x000000070c180000)
 Metaspace       used 20752K, capacity 21140K, committed 21296K, reserved 1069056K
  class space    used 2241K, capacity 2352K, committed 2432K, reserved 1048576K
}
Event: 4.660 GC heap before
{Heap before GC invocations=8 (full 1):
 PSYoungGen      total 213504K, used 16145K [0x0000000781700000, 0x000000079ba00000, 0x00000007c0000000)
  eden space 194560K, 0% used [0x0000000781700000,0x0000000781700000,0x000000078d500000)
  from space 18944K, 85% used [0x000000078d500000,0x000000078e4c4780,0x000000078e780000)
  to   space 19968K, 0% used [0x000000079a680000,0x000000079a680000,0x000000079ba00000)
 ParOldGen       total 128512K, used 26444K [0x0000000704400000, 0x000000070c180000, 0x0000000781700000)
  object space 128512K, 20% used [0x0000000704400000,0x0000000705dd3300,0x000000070c180000)
 Metaspace       used 20752K, capacity 21140K, committed 21296K, reserved 1069056K
  class space    used 2241K, capacity 2352K, committed 2432K, reserved 1048576K
Event: 4.856 GC heap after
Heap after GC invocations=8 (full 1):
 PSYoungGen      total 213504K, used 0K [0x0000000781700000, 0x000000079ba00000, 0x00000007c0000000)
  eden space 194560K, 0% used [0x0000000781700000,0x0000000781700000,0x000000078d500000)
  from space 18944K, 0% used [0x000000078d500000,0x000000078d500000,0x000000078e780000)
  to   space 19968K, 0% used [0x000000079a680000,0x000000079a680000,0x000000079ba00000)
 ParOldGen       total 123392K, used 36976K [0x0000000704400000, 0x000000070bc80000, 0x0000000781700000)
  object space 123392K, 29% used [0x0000000704400000,0x000000070681c2b8,0x000000070bc80000)
 Metaspace       used 20752K, capacity 21140K, committed 21296K, reserved 1069056K
  class space    used 2241K, capacity 2352K, committed 2432K, reserved 1048576K
}

