# JRE version: OpenJDK Runtime Environment (8.0_212) (build 1.8.0_212-8u-04)
# Java VM: OpenJDK 64-Bit Server VM (25.212-b04 mixed mode windows-amd64 compressed oops)
Heap:
 PSYoungGen      total 385536K, used 196343K [0x0000000781700000, 0x000000079ac80000, 0x00000007c0000000)
  eden space 373248K, 52% used [0x0000000781700000,0x000000078d6bddf8,0x0000000798380000)
  from space 12288K, 0% used [0x0000000798f00000,0x0000000798f00000,0x0000000799b00000)
  to   space 17920K, 0% used [0x0000000799b00000,0x0000000799b00000,0x000000079ac80000)
 ParOldGen       total 172032K, used 45554K [0x0000000704400000, 0x000000070ec00000, 0x0000000781700000)
  object space 172032K, 26% used [0x0000000704400000,0x000000070707c9b0,0x000000070ec00000)
 Metaspace       used 39227K, capacity 40480K, committed 40704K, reserved 1085440K
  class space    used 4606K, capacity 5023K, committed 5120K, reserved 1048576K
GC Heap History (10 events):
Event: 4.988 GC heap before
{Heap before GC invocations=7 (full 0):
 PSYoungGen      total 214016K, used 84221K [0x0000000781700000, 0x000000078fb00000, 0x00000007c0000000)
  eden space 194560K, 35% used [0x0000000781700000,0x0000000785b37428,0x000000078d500000)
  from space 19456K, 73% used [0x000000078e800000,0x000000078f608020,0x000000078fb00000)
  to   space 19456K, 0% used [0x000000078d500000,0x000000078d500000,0x000000078e800000)
 ParOldGen       total 128512K, used 23067K [0x0000000704400000, 0x000000070c180000, 0x0000000781700000)
  object space 128512K, 17% used [0x0000000704400000,0x0000000705a86df0,0x000000070c180000)
 Metaspace       used 20728K, capacity 21088K, committed 21296K, reserved 1069056K
  class space    used 2248K, capacity 2354K, committed 2432K, reserved 1048576K
Event: 5.016 GC heap after
Heap after GC invocations=7 (full 0):
 PSYoungGen      total 214016K, used 15583K [0x0000000781700000, 0x000000079ba00000, 0x00000007c0000000)
  eden space 194560K, 0% used [0x0000000781700000,0x0000000781700000,0x000000078d500000)
  from space 19456K, 80% used [0x000000078d500000,0x000000078e437ec0,0x000000078e800000)
  to   space 19968K, 0% used [0x000000079a680000,0x000000079a680000,0x000000079ba00000)
 ParOldGen       total 128512K, used 26637K [0x0000000704400000, 0x000000070c180000, 0x0000000781700000)
  object space 128512K, 20% used [0x0000000704400000,0x0000000705e03640,0x000000070c180000)
 Metaspace       used 20728K, capacity 21088K, committed 21296K, reserved 1069056K
  class space    used 2248K, capacity 2354K, committed 2432K, reserved 1048576K
}
Event: 5.016 GC heap before
{Heap before GC invocations=8 (full 1):
 PSYoungGen      total 214016K, used 15583K [0x0000000781700000, 0x000000079ba00000, 0x00000007c0000000)
  eden space 194560K, 0% used [0x0000000781700000,0x0000000781700000,0x000000078d500000)
  from space 19456K, 80% used [0x000000078d500000,0x000000078e437ec0,0x000000078e800000)
  to   space 19968K, 0% used [0x000000079a680000,0x000000079a680000,0x000000079ba00000)
 ParOldGen       total 128512K, used 26637K [0x0000000704400000, 0x000000070c180000, 0x0000000781700000)
  object space 128512K, 20% used [0x0000000704400000,0x0000000705e03640,0x000000070c180000)
 Metaspace       used 20728K, capacity 21088K, committed 21296K, reserved 1069056K
  class space    used 2248K, capacity 2354K, committed 2432K, reserved 1048576K
Event: 5.181 GC heap after
Heap after GC invocations=8 (full 1):
 PSYoungGen      total 214016K, used 0K [0x0000000781700000, 0x000000079ba00000, 0x00000007c0000000)
  eden space 194560K, 0% used [0x0000000781700000,0x0000000781700000,0x000000078d500000)
  from space 19456K, 0% used [0x000000078d500000,0x000000078d500000,0x000000078e800000)
  to   space 19968K, 0% used [0x000000079a680000,0x000000079a680000,0x000000079ba00000)
 ParOldGen       total 119808K, used 36970K [0x0000000704400000, 0x000000070b900000, 0x0000000781700000)
  object space 119808K, 30% used [0x0000000704400000,0x000000070681a9f8,0x000000070b900000)
 Metaspace       used 20728K, capacity 21088K, committed 21296K, reserved 1069056K
  class space    used 2248K, capacity 2354K, committed 2432K, reserved 1048576K
}
Event: 7.241 GC heap before
{Heap before GC invocations=9 (full 1):
 PSYoungGen      total 214016K, used 194560K [0x0000000781700000, 0x000000079ba00000, 0x00000007c0000000)
  eden space 194560K, 100% used [0x0000000781700000,0x000000078d500000,0x000000078d500000)
  from space 19456K, 0% used [0x000000078d500000,0x000000078d500000,0x000000078e800000)
  to   space 19968K, 0% used [0x000000079a680000,0x000000079a680000,0x000000079ba00000)
 ParOldGen       total 119808K, used 36970K [0x0000000704400000, 0x000000070b900000, 0x0000000781700000)
  object space 119808K, 30% used [0x0000000704400000,0x000000070681a9f8,0x000000070b900000)
 Metaspace       used 32496K, capacity 33560K, committed 33664K, reserved 1079296K
  class space    used 3827K, capacity 4187K, committed 4224K, reserved 1048576K
Event: 7.261 GC heap after
Heap after GC invocations=9 (full 1):
 PSYoungGen      total 305152K, used 18482K [0x0000000781700000, 0x000000079b900000, 0x00000007c0000000)
  eden space 286208K, 0% used [0x0000000781700000,0x0000000781700000,0x0000000792e80000)
  from space 18944K, 97% used [0x000000079a680000,0x000000079b88cac8,0x000000079b900000)
  to   space 21504K, 0% used [0x0000000798f00000,0x0000000798f00000,0x000000079a400000)
 ParOldGen       total 119808K, used 36978K [0x0000000704400000, 0x000000070b900000, 0x0000000781700000)
  object space 119808K, 30% used [0x0000000704400000,0x000000070681c9f8,0x000000070b900000)
 Metaspace       used 32496K, capacity 33560K, committed 33664K, reserved 1079296K
  class space    used 3827K, capacity 4187K, committed 4224K, reserved 1048576K
}
Event: 7.493 GC heap before
{Heap before GC invocations=10 (full 1):
 PSYoungGen      total 305152K, used 38722K [0x0000000781700000, 0x000000079b900000, 0x00000007c0000000)
  eden space 286208K, 7% used [0x0000000781700000,0x0000000782ac40c0,0x0000000792e80000)
  from space 18944K, 97% used [0x000000079a680000,0x000000079b88cac8,0x000000079b900000)
  to   space 21504K, 0% used [0x0000000798f00000,0x0000000798f00000,0x000000079a400000)
 ParOldGen       total 119808K, used 36978K [0x0000000704400000, 0x000000070b900000, 0x0000000781700000)
  object space 119808K, 30% used [0x0000000704400000,0x000000070681c9f8,0x000000070b900000)
 Metaspace       used 34134K, capacity 35364K, committed 35456K, reserved 1081344K
  class space    used 4030K, capacity 4427K, committed 4480K, reserved 1048576K
Event: 7.505 GC heap after
Heap after GC invocations=10 (full 1):
 PSYoungGen      total 385536K, used 11893K [0x0000000781700000, 0x000000079ac80000, 0x00000007c0000000)
  eden space 373248K, 0% used [0x0000000781700000,0x0000000781700000,0x0000000798380000)
  from space 12288K, 96% used [0x0000000798f00000,0x0000000799a9d748,0x0000000799b00000)
  to   space 17920K, 0% used [0x0000000799b00000,0x0000000799b00000,0x000000079ac80000)
 ParOldGen       total 119808K, used 36986K [0x0000000704400000, 0x000000070b900000, 0x0000000781700000)
  object space 119808K, 30% used [0x0000000704400000,0x000000070681e9f8,0x000000070b900000)
 Metaspace       used 34134K, capacity 35364K, committed 35456K, reserved 1081344K
  class space    used 4030K, capacity 4427K, committed 4480K, reserved 1048576K
}
Event: 7.505 GC heap before
{Heap before GC invocations=11 (full 2):
 PSYoungGen      total 385536K, used 11893K [0x0000000781700000, 0x000000079ac80000, 0x00000007c0000000)
  eden space 373248K, 0% used [0x0000000781700000,0x0000000781700000,0x0000000798380000)
  from space 12288K, 96% used [0x0000000798f00000,0x0000000799a9d748,0x0000000799b00000)
  to   space 17920K, 0% used [0x0000000799b00000,0x0000000799b00000,0x000000079ac80000)
 ParOldGen       total 119808K, used 36986K [0x0000000704400000, 0x000000070b900000, 0x0000000781700000)
  object space 119808K, 30% used [0x0000000704400000,0x000000070681e9f8,0x000000070b900000)
 Metaspace       used 34134K, capacity 35364K, committed 35456K, reserved 1081344K
  class space    used 4030K, capacity 4427K, committed 4480K, reserved 1048576K
Event: 7.673 GC heap after
Heap after GC invocations=11 (full 2):
 PSYoungGen      total 385536K, used 0K [0x0000000781700000, 0x000000079ac80000, 0x00000007c0000000)
  eden space 373248K, 0% used [0x0000000781700000,0x0000000781700000,0x0000000798380000)
  from space 12288K, 0% used [0x0000000798f00000,0x0000000798f00000,0x0000000799b00000)
  to   space 17920K, 0% used [0x0000000799b00000,0x0000000799b00000,0x000000079ac80000)
 ParOldGen       total 172032K, used 45554K [0x0000000704400000, 0x000000070ec00000, 0x0000000781700000)
  object space 172032K, 26% used [0x0000000704400000,0x000000070707c9b0,0x000000070ec00000)
 Metaspace       used 34087K, capacity 35222K, committed 35456K, reserved 1081344K
  class space    used 4014K, capacity 4398K, committed 4480K, reserved 1048576K
}

