# JRE version: OpenJDK Runtime Environment (8.0_212) (build 1.8.0_212-8u-04)
# Java VM: OpenJDK 64-Bit Server VM (25.212-b04 mixed mode windows-amd64 compressed oops)
Heap:
 PSYoungGen      total 214016K, used 141603K [0x0000000781700000, 0x0000000793680000, 0x00000007c0000000)
  eden space 192512K, 73% used [0x0000000781700000,0x000000078a148e38,0x000000078d300000)
  from space 21504K, 0% used [0x000000078d300000,0x000000078d300000,0x000000078e800000)
  to   space 20992K, 0% used [0x0000000792200000,0x0000000792200000,0x0000000793680000)
 ParOldGen       total 172544K, used 45192K [0x0000000704400000, 0x000000070ec80000, 0x0000000781700000)
  object space 172544K, 26% used [0x0000000704400000,0x00000007070221d0,0x000000070ec80000)
 Metaspace       used 39174K, capacity 40424K, committed 40704K, reserved 1085440K
  class space    used 4606K, capacity 5023K, committed 5120K, reserved 1048576K
GC Heap History (10 events):
Event: 9.476 GC heap before
{Heap before GC invocations=7 (full 0):
 PSYoungGen      total 214016K, used 69777K [0x0000000781700000, 0x000000078fb00000, 0x00000007c0000000)
  eden space 194560K, 28% used [0x0000000781700000,0x0000000784d54770,0x000000078d500000)
  from space 19456K, 72% used [0x000000078e800000,0x000000078f5d0020,0x000000078fb00000)
  to   space 19456K, 0% used [0x000000078d500000,0x000000078d500000,0x000000078e800000)
 ParOldGen       total 128512K, used 23568K [0x0000000704400000, 0x000000070c180000, 0x0000000781700000)
  object space 128512K, 18% used [0x0000000704400000,0x0000000705b04250,0x000000070c180000)
 Metaspace       used 20740K, capacity 21088K, committed 21296K, reserved 1069056K
  class space    used 2247K, capacity 2354K, committed 2432K, reserved 1048576K
Event: 9.527 GC heap after
Heap after GC invocations=7 (full 0):
 PSYoungGen      total 214016K, used 15488K [0x0000000781700000, 0x000000078fb00000, 0x00000007c0000000)
  eden space 194560K, 0% used [0x0000000781700000,0x0000000781700000,0x000000078d500000)
  from space 19456K, 79% used [0x000000078d500000,0x000000078e4201e0,0x000000078e800000)
  to   space 19456K, 0% used [0x000000078e800000,0x000000078e800000,0x000000078fb00000)
 ParOldGen       total 128512K, used 26266K [0x0000000704400000, 0x000000070c180000, 0x0000000781700000)
  object space 128512K, 20% used [0x0000000704400000,0x0000000705da6b10,0x000000070c180000)
 Metaspace       used 20740K, capacity 21088K, committed 21296K, reserved 1069056K
  class space    used 2247K, capacity 2354K, committed 2432K, reserved 1048576K
}
Event: 9.527 GC heap before
{Heap before GC invocations=8 (full 1):
 PSYoungGen      total 214016K, used 15488K [0x0000000781700000, 0x000000078fb00000, 0x00000007c0000000)
  eden space 194560K, 0% used [0x0000000781700000,0x0000000781700000,0x000000078d500000)
  from space 19456K, 79% used [0x000000078d500000,0x000000078e4201e0,0x000000078e800000)
  to   space 19456K, 0% used [0x000000078e800000,0x000000078e800000,0x000000078fb00000)
 ParOldGen       total 128512K, used 26266K [0x0000000704400000, 0x000000070c180000, 0x0000000781700000)
  object space 128512K, 20% used [0x0000000704400000,0x0000000705da6b10,0x000000070c180000)
 Metaspace       used 20740K, capacity 21088K, committed 21296K, reserved 1069056K
  class space    used 2247K, capacity 2354K, committed 2432K, reserved 1048576K
Event: 9.804 GC heap after
Heap after GC invocations=8 (full 1):
 PSYoungGen      total 214016K, used 0K [0x0000000781700000, 0x000000078fb00000, 0x00000007c0000000)
  eden space 194560K, 0% used [0x0000000781700000,0x0000000781700000,0x000000078d500000)
  from space 19456K, 0% used [0x000000078d500000,0x000000078d500000,0x000000078e800000)
  to   space 19456K, 0% used [0x000000078e800000,0x000000078e800000,0x000000078fb00000)
 ParOldGen       total 121856K, used 37198K [0x0000000704400000, 0x000000070bb00000, 0x0000000781700000)
  object space 121856K, 30% used [0x0000000704400000,0x00000007068539e0,0x000000070bb00000)
 Metaspace       used 20740K, capacity 21088K, committed 21296K, reserved 1069056K
  class space    used 2247K, capacity 2354K, committed 2432K, reserved 1048576K
}
Event: 13.736 GC heap before
{Heap before GC invocations=9 (full 1):
 PSYoungGen      total 214016K, used 194560K [0x0000000781700000, 0x000000078fb00000, 0x00000007c0000000)
  eden space 194560K, 100% used [0x0000000781700000,0x000000078d500000,0x000000078d500000)
  from space 19456K, 0% used [0x000000078d500000,0x000000078d500000,0x000000078e800000)
  to   space 19456K, 0% used [0x000000078e800000,0x000000078e800000,0x000000078fb00000)
 ParOldGen       total 121856K, used 37198K [0x0000000704400000, 0x000000070bb00000, 0x0000000781700000)
  object space 121856K, 30% used [0x0000000704400000,0x00000007068539e0,0x000000070bb00000)
 Metaspace       used 32648K, capacity 33828K, committed 33920K, reserved 1079296K
  class space    used 3837K, capacity 4205K, committed 4224K, reserved 1048576K
Event: 13.762 GC heap after
Heap after GC invocations=9 (full 1):
 PSYoungGen      total 211968K, used 18594K [0x0000000781700000, 0x0000000795100000, 0x00000007c0000000)
  eden space 192512K, 0% used [0x0000000781700000,0x0000000781700000,0x000000078d300000)
  from space 19456K, 95% used [0x000000078e800000,0x000000078fa28958,0x000000078fb00000)
  to   space 21504K, 0% used [0x000000078d300000,0x000000078d300000,0x000000078e800000)
 ParOldGen       total 121856K, used 37206K [0x0000000704400000, 0x000000070bb00000, 0x0000000781700000)
  object space 121856K, 30% used [0x0000000704400000,0x00000007068559e0,0x000000070bb00000)
 Metaspace       used 32648K, capacity 33828K, committed 33920K, reserved 1079296K
  class space    used 3837K, capacity 4205K, committed 4224K, reserved 1048576K
}
Event: 14.234 GC heap before
{Heap before GC invocations=10 (full 1):
 PSYoungGen      total 211968K, used 35361K [0x0000000781700000, 0x0000000795100000, 0x00000007c0000000)
  eden space 192512K, 8% used [0x0000000781700000,0x000000078275fb18,0x000000078d300000)
  from space 19456K, 95% used [0x000000078e800000,0x000000078fa28958,0x000000078fb00000)
  to   space 21504K, 0% used [0x000000078d300000,0x000000078d300000,0x000000078e800000)
 ParOldGen       total 121856K, used 37206K [0x0000000704400000, 0x000000070bb00000, 0x0000000781700000)
  object space 121856K, 30% used [0x0000000704400000,0x00000007068559e0,0x000000070bb00000)
 Metaspace       used 34061K, capacity 35344K, committed 35456K, reserved 1081344K
  class space    used 4007K, capacity 4413K, committed 4480K, reserved 1048576K
Event: 14.263 GC heap after
Heap after GC invocations=10 (full 1):
 PSYoungGen      total 214016K, used 11526K [0x0000000781700000, 0x0000000793680000, 0x00000007c0000000)
  eden space 192512K, 0% used [0x0000000781700000,0x0000000781700000,0x000000078d300000)
  from space 21504K, 53% used [0x000000078d300000,0x000000078de41820,0x000000078e800000)
  to   space 20992K, 0% used [0x0000000792200000,0x0000000792200000,0x0000000793680000)
 ParOldGen       total 121856K, used 37214K [0x0000000704400000, 0x000000070bb00000, 0x0000000781700000)
  object space 121856K, 30% used [0x0000000704400000,0x00000007068579e0,0x000000070bb00000)
 Metaspace       used 34061K, capacity 35344K, committed 35456K, reserved 1081344K
  class space    used 4007K, capacity 4413K, committed 4480K, reserved 1048576K
}
Event: 14.263 GC heap before
{Heap before GC invocations=11 (full 2):
 PSYoungGen      total 214016K, used 11526K [0x0000000781700000, 0x0000000793680000, 0x00000007c0000000)
  eden space 192512K, 0% used [0x0000000781700000,0x0000000781700000,0x000000078d300000)
  from space 21504K, 53% used [0x000000078d300000,0x000000078de41820,0x000000078e800000)
  to   space 20992K, 0% used [0x0000000792200000,0x0000000792200000,0x0000000793680000)
 ParOldGen       total 121856K, used 37214K [0x0000000704400000, 0x000000070bb00000, 0x0000000781700000)
  object space 121856K, 30% used [0x0000000704400000,0x00000007068579e0,0x000000070bb00000)
 Metaspace       used 34061K, capacity 35344K, committed 35456K, reserved 1081344K
  class space    used 4007K, capacity 4413K, committed 4480K, reserved 1048576K
Event: 14.520 GC heap after
Heap after GC invocations=11 (full 2):
 PSYoungGen      total 214016K, used 0K [0x0000000781700000, 0x0000000793680000, 0x00000007c0000000)
  eden space 192512K, 0% used [0x0000000781700000,0x0000000781700000,0x000000078d300000)
  from space 21504K, 0% used [0x000000078d300000,0x000000078d300000,0x000000078e800000)
  to   space 20992K, 0% used [0x0000000792200000,0x0000000792200000,0x0000000793680000)
 ParOldGen       total 172544K, used 45192K [0x0000000704400000, 0x000000070ec80000, 0x0000000781700000)
  object space 172544K, 26% used [0x0000000704400000,0x00000007070221d0,0x000000070ec80000)
 Metaspace       used 33986K, capacity 35134K, committed 35456K, reserved 1081344K
  class space    used 3980K, capacity 4366K, committed 4480K, reserved 1048576K
}

