# JRE version: OpenJDK Runtime Environment (8.0_212) (build 1.8.0_212-8u-04)
# Java VM: OpenJDK 64-Bit Server VM (25.212-b04 mixed mode windows-amd64 compressed oops)
Heap:
 PSYoungGen      total 376832K, used 55069K [0x0000000781700000, 0x000000079a700000, 0x00000007c0000000)
  eden space 364544K, 15% used [0x0000000781700000,0x0000000784cc74d8,0x0000000797b00000)
  from space 12288K, 0% used [0x0000000799b00000,0x0000000799b00000,0x000000079a700000)
  to   space 12288K, 0% used [0x0000000798f00000,0x0000000798f00000,0x0000000799b00000)
 ParOldGen       total 176128K, used 149674K [0x0000000704400000, 0x000000070f000000, 0x0000000781700000)
  object space 176128K, 84% used [0x0000000704400000,0x000000070d62a9d8,0x000000070f000000)
 Metaspace       used 43891K, capacity 45222K, committed 45952K, reserved 1089536K
  class space    used 5170K, capacity 5631K, committed 5760K, reserved 1048576K
GC Heap History (10 events):
Event: 6.766 GC heap before
{Heap before GC invocations=9 (full 1):
 PSYoungGen      total 214016K, used 194560K [0x0000000781700000, 0x000000079ba00000, 0x00000007c0000000)
  eden space 194560K, 100% used [0x0000000781700000,0x000000078d500000,0x000000078d500000)
  from space 19456K, 0% used [0x000000078d500000,0x000000078d500000,0x000000078e800000)
  to   space 19968K, 0% used [0x000000079a680000,0x000000079a680000,0x000000079ba00000)
 ParOldGen       total 120320K, used 36622K [0x0000000704400000, 0x000000070b980000, 0x0000000781700000)
  object space 120320K, 30% used [0x0000000704400000,0x00000007067c39c0,0x000000070b980000)
 Metaspace       used 32561K, capacity 33732K, committed 33920K, reserved 1079296K
  class space    used 3844K, capacity 4213K, committed 4224K, reserved 1048576K
Event: 6.786 GC heap after
Heap after GC invocations=9 (full 1):
 PSYoungGen      total 300032K, used 18529K [0x0000000781700000, 0x000000079b900000, 0x00000007c0000000)
  eden space 281088K, 0% used [0x0000000781700000,0x0000000781700000,0x0000000792980000)
  from space 18944K, 97% used [0x000000079a680000,0x000000079b898540,0x000000079b900000)
  to   space 21504K, 0% used [0x0000000798f00000,0x0000000798f00000,0x000000079a400000)
 ParOldGen       total 120320K, used 36630K [0x0000000704400000, 0x000000070b980000, 0x0000000781700000)
  object space 120320K, 30% used [0x0000000704400000,0x00000007067c59c0,0x000000070b980000)
 Metaspace       used 32561K, capacity 33732K, committed 33920K, reserved 1079296K
  class space    used 3844K, capacity 4213K, committed 4224K, reserved 1048576K
}
Event: 7.040 GC heap before
{Heap before GC invocations=10 (full 1):
 PSYoungGen      total 300032K, used 38570K [0x0000000781700000, 0x000000079b900000, 0x00000007c0000000)
  eden space 281088K, 7% used [0x0000000781700000,0x0000000782a924c8,0x0000000792980000)
  from space 18944K, 97% used [0x000000079a680000,0x000000079b898540,0x000000079b900000)
  to   space 21504K, 0% used [0x0000000798f00000,0x0000000798f00000,0x000000079a400000)
 ParOldGen       total 120320K, used 36630K [0x0000000704400000, 0x000000070b980000, 0x0000000781700000)
  object space 120320K, 30% used [0x0000000704400000,0x00000007067c59c0,0x000000070b980000)
 Metaspace       used 34136K, capacity 35376K, committed 35456K, reserved 1081344K
  class space    used 4031K, capacity 4421K, committed 4480K, reserved 1048576K
Event: 7.064 GC heap after
Heap after GC invocations=10 (full 1):
 PSYoungGen      total 376832K, used 11814K [0x0000000781700000, 0x000000079a700000, 0x00000007c0000000)
  eden space 364544K, 0% used [0x0000000781700000,0x0000000781700000,0x0000000797b00000)
  from space 12288K, 96% used [0x0000000798f00000,0x0000000799a89840,0x0000000799b00000)
  to   space 12288K, 0% used [0x0000000799b00000,0x0000000799b00000,0x000000079a700000)
 ParOldGen       total 120320K, used 36638K [0x0000000704400000, 0x000000070b980000, 0x0000000781700000)
  object space 120320K, 30% used [0x0000000704400000,0x00000007067c79c0,0x000000070b980000)
 Metaspace       used 34136K, capacity 35376K, committed 35456K, reserved 1081344K
  class space    used 4031K, capacity 4421K, committed 4480K, reserved 1048576K
}
Event: 7.064 GC heap before
{Heap before GC invocations=11 (full 2):
 PSYoungGen      total 376832K, used 11814K [0x0000000781700000, 0x000000079a700000, 0x00000007c0000000)
  eden space 364544K, 0% used [0x0000000781700000,0x0000000781700000,0x0000000797b00000)
  from space 12288K, 96% used [0x0000000798f00000,0x0000000799a89840,0x0000000799b00000)
  to   space 12288K, 0% used [0x0000000799b00000,0x0000000799b00000,0x000000079a700000)
 ParOldGen       total 120320K, used 36638K [0x0000000704400000, 0x000000070b980000, 0x0000000781700000)
  object space 120320K, 30% used [0x0000000704400000,0x00000007067c79c0,0x000000070b980000)
 Metaspace       used 34136K, capacity 35376K, committed 35456K, reserved 1081344K
  class space    used 4031K, capacity 4421K, committed 4480K, reserved 1048576K
Event: 7.298 GC heap after
Heap after GC invocations=11 (full 2):
 PSYoungGen      total 376832K, used 0K [0x0000000781700000, 0x000000079a700000, 0x00000007c0000000)
  eden space 364544K, 0% used [0x0000000781700000,0x0000000781700000,0x0000000797b00000)
  from space 12288K, 0% used [0x0000000798f00000,0x0000000798f00000,0x0000000799b00000)
  to   space 12288K, 0% used [0x0000000799b00000,0x0000000799b00000,0x000000079a700000)
 ParOldGen       total 176128K, used 45472K [0x0000000704400000, 0x000000070f000000, 0x0000000781700000)
  object space 176128K, 25% used [0x0000000704400000,0x00000007070681f8,0x000000070f000000)
 Metaspace       used 34054K, capacity 35198K, committed 35456K, reserved 1081344K
  class space    used 4001K, capacity 4366K, committed 4480K, reserved 1048576K
}
Event: 11.989 GC heap before
{Heap before GC invocations=12 (full 2):
 PSYoungGen      total 376832K, used 361166K [0x0000000781700000, 0x000000079a700000, 0x00000007c0000000)
  eden space 364544K, 99% used [0x0000000781700000,0x00000007977b3b28,0x0000000797b00000)
  from space 12288K, 0% used [0x0000000798f00000,0x0000000798f00000,0x0000000799b00000)
  to   space 12288K, 0% used [0x0000000799b00000,0x0000000799b00000,0x000000079a700000)
 ParOldGen       total 176128K, used 55238K [0x0000000704400000, 0x000000070f000000, 0x0000000781700000)
  object space 176128K, 31% used [0x0000000704400000,0x00000007079f1888,0x000000070f000000)
 Metaspace       used 44366K, capacity 45786K, committed 45952K, reserved 1089536K
  class space    used 5222K, capacity 5695K, committed 5760K, reserved 1048576K
Event: 12.039 GC heap after
Heap after GC invocations=12 (full 2):
 PSYoungGen      total 376832K, used 12266K [0x0000000781700000, 0x000000079a700000, 0x00000007c0000000)
  eden space 364544K, 0% used [0x0000000781700000,0x0000000781700000,0x0000000797b00000)
  from space 12288K, 99% used [0x0000000799b00000,0x000000079a6fa830,0x000000079a700000)
  to   space 12288K, 0% used [0x0000000798f00000,0x0000000798f00000,0x0000000799b00000)
 ParOldGen       total 176128K, used 148005K [0x0000000704400000, 0x000000070f000000, 0x0000000781700000)
  object space 176128K, 84% used [0x0000000704400000,0x000000070d489400,0x000000070f000000)
 Metaspace       used 44366K, capacity 45786K, committed 45952K, reserved 1089536K
  class space    used 5222K, capacity 5695K, committed 5760K, reserved 1048576K
}
Event: 12.039 GC heap before
{Heap before GC invocations=13 (full 3):
 PSYoungGen      total 376832K, used 12266K [0x0000000781700000, 0x000000079a700000, 0x00000007c0000000)
  eden space 364544K, 0% used [0x0000000781700000,0x0000000781700000,0x0000000797b00000)
  from space 12288K, 99% used [0x0000000799b00000,0x000000079a6fa830,0x000000079a700000)
  to   space 12288K, 0% used [0x0000000798f00000,0x0000000798f00000,0x0000000799b00000)
 ParOldGen       total 176128K, used 148005K [0x0000000704400000, 0x000000070f000000, 0x0000000781700000)
  object space 176128K, 84% used [0x0000000704400000,0x000000070d489400,0x000000070f000000)
 Metaspace       used 44366K, capacity 45786K, committed 45952K, reserved 1089536K
  class space    used 5222K, capacity 5695K, committed 5760K, reserved 1048576K
Event: 12.431 GC heap after
Heap after GC invocations=13 (full 3):
 PSYoungGen      total 376832K, used 0K [0x0000000781700000, 0x000000079a700000, 0x00000007c0000000)
  eden space 364544K, 0% used [0x0000000781700000,0x0000000781700000,0x0000000797b00000)
  from space 12288K, 0% used [0x0000000799b00000,0x0000000799b00000,0x000000079a700000)
  to   space 12288K, 0% used [0x0000000798f00000,0x0000000798f00000,0x0000000799b00000)
 ParOldGen       total 176128K, used 149674K [0x0000000704400000, 0x000000070f000000, 0x0000000781700000)
  object space 176128K, 84% used [0x0000000704400000,0x000000070d62a9d8,0x000000070f000000)
 Metaspace       used 43000K, capacity 44310K, committed 45952K, reserved 1089536K
  class space    used 5027K, capacity 5455K, committed 5760K, reserved 1048576K
}

