# JRE version: OpenJDK Runtime Environment (8.0_212) (build 1.8.0_212-8u-04)
# Java VM: OpenJDK 64-Bit Server VM (25.212-b04 mixed mode windows-amd64 compressed oops)
Heap:
 PSYoungGen      total 397312K, used 155721K [0x0000000781700000, 0x000000079b800000, 0x00000007c0000000)
  eden space 385024K, 40% used [0x0000000781700000,0x000000078af12458,0x0000000798f00000)
  from space 12288K, 0% used [0x0000000798f00000,0x0000000798f00000,0x0000000799b00000)
  to   space 20992K, 0% used [0x000000079a380000,0x000000079a380000,0x000000079b800000)
 ParOldGen       total 168960K, used 45457K [0x0000000704400000, 0x000000070e900000, 0x0000000781700000)
  object space 168960K, 26% used [0x0000000704400000,0x0000000707064430,0x000000070e900000)
 Metaspace       used 39111K, capacity 40412K, committed 40704K, reserved 1085440K
  class space    used 4600K, capacity 5021K, committed 5120K, reserved 1048576K
GC Heap History (10 events):
Event: 4.572 GC heap before
{Heap before GC invocations=7 (full 0):
 PSYoungGen      total 214016K, used 85046K [0x0000000781700000, 0x000000078fb00000, 0x00000007c0000000)
  eden space 194560K, 36% used [0x0000000781700000,0x0000000785c3ab50,0x000000078d500000)
  from space 19456K, 72% used [0x000000078e800000,0x000000078f5d2f28,0x000000078fb00000)
  to   space 19456K, 0% used [0x000000078d500000,0x000000078d500000,0x000000078e800000)
 ParOldGen       total 128512K, used 23437K [0x0000000704400000, 0x000000070c180000, 0x0000000781700000)
  object space 128512K, 18% used [0x0000000704400000,0x0000000705ae3660,0x000000070c180000)
 Metaspace       used 20778K, capacity 21140K, committed 21296K, reserved 1069056K
  class space    used 2254K, capacity 2352K, committed 2432K, reserved 1048576K
Event: 4.602 GC heap after
Heap after GC invocations=7 (full 0):
 PSYoungGen      total 214016K, used 15882K [0x0000000781700000, 0x000000079ba00000, 0x00000007c0000000)
  eden space 194560K, 0% used [0x0000000781700000,0x0000000781700000,0x000000078d500000)
  from space 19456K, 81% used [0x000000078d500000,0x000000078e482918,0x000000078e800000)
  to   space 19968K, 0% used [0x000000079a680000,0x000000079a680000,0x000000079ba00000)
 ParOldGen       total 128512K, used 26439K [0x0000000704400000, 0x000000070c180000, 0x0000000781700000)
  object space 128512K, 20% used [0x0000000704400000,0x0000000705dd1f40,0x000000070c180000)
 Metaspace       used 20778K, capacity 21140K, committed 21296K, reserved 1069056K
  class space    used 2254K, capacity 2352K, committed 2432K, reserved 1048576K
}
Event: 4.602 GC heap before
{Heap before GC invocations=8 (full 1):
 PSYoungGen      total 214016K, used 15882K [0x0000000781700000, 0x000000079ba00000, 0x00000007c0000000)
  eden space 194560K, 0% used [0x0000000781700000,0x0000000781700000,0x000000078d500000)
  from space 19456K, 81% used [0x000000078d500000,0x000000078e482918,0x000000078e800000)
  to   space 19968K, 0% used [0x000000079a680000,0x000000079a680000,0x000000079ba00000)
 ParOldGen       total 128512K, used 26439K [0x0000000704400000, 0x000000070c180000, 0x0000000781700000)
  object space 128512K, 20% used [0x0000000704400000,0x0000000705dd1f40,0x000000070c180000)
 Metaspace       used 20778K, capacity 21140K, committed 21296K, reserved 1069056K
  class space    used 2254K, capacity 2352K, committed 2432K, reserved 1048576K
Event: 4.752 GC heap after
Heap after GC invocations=8 (full 1):
 PSYoungGen      total 214016K, used 0K [0x0000000781700000, 0x000000079ba00000, 0x00000007c0000000)
  eden space 194560K, 0% used [0x0000000781700000,0x0000000781700000,0x000000078d500000)
  from space 19456K, 0% used [0x000000078d500000,0x000000078d500000,0x000000078e800000)
  to   space 19968K, 0% used [0x000000079a680000,0x000000079a680000,0x000000079ba00000)
 ParOldGen       total 118784K, used 37038K [0x0000000704400000, 0x000000070b800000, 0x0000000781700000)
  object space 118784K, 31% used [0x0000000704400000,0x000000070682bb40,0x000000070b800000)
 Metaspace       used 20778K, capacity 21140K, committed 21296K, reserved 1069056K
  class space    used 2254K, capacity 2352K, committed 2432K, reserved 1048576K
}
Event: 6.728 GC heap before
{Heap before GC invocations=9 (full 1):
 PSYoungGen      total 214016K, used 194560K [0x0000000781700000, 0x000000079ba00000, 0x00000007c0000000)
  eden space 194560K, 100% used [0x0000000781700000,0x000000078d500000,0x000000078d500000)
  from space 19456K, 0% used [0x000000078d500000,0x000000078d500000,0x000000078e800000)
  to   space 19968K, 0% used [0x000000079a680000,0x000000079a680000,0x000000079ba00000)
 ParOldGen       total 118784K, used 37038K [0x0000000704400000, 0x000000070b800000, 0x0000000781700000)
  object space 118784K, 31% used [0x0000000704400000,0x000000070682bb40,0x000000070b800000)
 Metaspace       used 32531K, capacity 33670K, committed 33920K, reserved 1079296K
  class space    used 3827K, capacity 4188K, committed 4224K, reserved 1048576K
Event: 6.745 GC heap after
Heap after GC invocations=9 (full 1):
 PSYoungGen      total 305664K, used 18544K [0x0000000781700000, 0x000000079b900000, 0x00000007c0000000)
  eden space 286720K, 0% used [0x0000000781700000,0x0000000781700000,0x0000000792f00000)
  from space 18944K, 97% used [0x000000079a680000,0x000000079b89c0a8,0x000000079b900000)
  to   space 21504K, 0% used [0x0000000798f00000,0x0000000798f00000,0x000000079a400000)
 ParOldGen       total 118784K, used 37046K [0x0000000704400000, 0x000000070b800000, 0x0000000781700000)
  object space 118784K, 31% used [0x0000000704400000,0x000000070682db40,0x000000070b800000)
 Metaspace       used 32531K, capacity 33670K, committed 33920K, reserved 1079296K
  class space    used 3827K, capacity 4188K, committed 4224K, reserved 1048576K
}
Event: 6.953 GC heap before
{Heap before GC invocations=10 (full 1):
 PSYoungGen      total 305664K, used 33837K [0x0000000781700000, 0x000000079b900000, 0x00000007c0000000)
  eden space 286720K, 5% used [0x0000000781700000,0x00000007825ef580,0x0000000792f00000)
  from space 18944K, 97% used [0x000000079a680000,0x000000079b89c0a8,0x000000079b900000)
  to   space 21504K, 0% used [0x0000000798f00000,0x0000000798f00000,0x000000079a400000)
 ParOldGen       total 118784K, used 37046K [0x0000000704400000, 0x000000070b800000, 0x0000000781700000)
  object space 118784K, 31% used [0x0000000704400000,0x000000070682db40,0x000000070b800000)
 Metaspace       used 34093K, capacity 35314K, committed 35456K, reserved 1081344K
  class space    used 4014K, capacity 4396K, committed 4480K, reserved 1048576K
Event: 6.973 GC heap after
Heap after GC invocations=10 (full 1):
 PSYoungGen      total 397312K, used 11814K [0x0000000781700000, 0x000000079b800000, 0x00000007c0000000)
  eden space 385024K, 0% used [0x0000000781700000,0x0000000781700000,0x0000000798f00000)
  from space 12288K, 96% used [0x0000000798f00000,0x0000000799a89840,0x0000000799b00000)
  to   space 20992K, 0% used [0x000000079a380000,0x000000079a380000,0x000000079b800000)
 ParOldGen       total 118784K, used 37054K [0x0000000704400000, 0x000000070b800000, 0x0000000781700000)
  object space 118784K, 31% used [0x0000000704400000,0x000000070682fb40,0x000000070b800000)
 Metaspace       used 34093K, capacity 35314K, committed 35456K, reserved 1081344K
  class space    used 4014K, capacity 4396K, committed 4480K, reserved 1048576K
}
Event: 6.973 GC heap before
{Heap before GC invocations=11 (full 2):
 PSYoungGen      total 397312K, used 11814K [0x0000000781700000, 0x000000079b800000, 0x00000007c0000000)
  eden space 385024K, 0% used [0x0000000781700000,0x0000000781700000,0x0000000798f00000)
  from space 12288K, 96% used [0x0000000798f00000,0x0000000799a89840,0x0000000799b00000)
  to   space 20992K, 0% used [0x000000079a380000,0x000000079a380000,0x000000079b800000)
 ParOldGen       total 118784K, used 37054K [0x0000000704400000, 0x000000070b800000, 0x0000000781700000)
  object space 118784K, 31% used [0x0000000704400000,0x000000070682fb40,0x000000070b800000)
 Metaspace       used 34093K, capacity 35314K, committed 35456K, reserved 1081344K
  class space    used 4014K, capacity 4396K, committed 4480K, reserved 1048576K
Event: 7.171 GC heap after
Heap after GC invocations=11 (full 2):
 PSYoungGen      total 397312K, used 0K [0x0000000781700000, 0x000000079b800000, 0x00000007c0000000)
  eden space 385024K, 0% used [0x0000000781700000,0x0000000781700000,0x0000000798f00000)
  from space 12288K, 0% used [0x0000000798f00000,0x0000000798f00000,0x0000000799b00000)
  to   space 20992K, 0% used [0x000000079a380000,0x000000079a380000,0x000000079b800000)
 ParOldGen       total 168960K, used 45457K [0x0000000704400000, 0x000000070e900000, 0x0000000781700000)
  object space 168960K, 26% used [0x0000000704400000,0x0000000707064430,0x000000070e900000)
 Metaspace       used 34042K, capacity 35186K, committed 35456K, reserved 1081344K
  class space    used 3996K, capacity 4364K, committed 4480K, reserved 1048576K
}

