# JRE version: OpenJDK Runtime Environment (8.0_212) (build 1.8.0_212-8u-04)
# Java VM: OpenJDK 64-Bit Server VM (25.212-b04 mixed mode windows-amd64 compressed oops)
Heap:
 PSYoungGen      total 104960K, used 57300K [0x0000000781700000, 0x0000000788500000, 0x00000007c0000000)
  eden space 97280K, 58% used [0x0000000781700000,0x0000000784ef5318,0x0000000787600000)
  from space 7680K, 0% used [0x0000000787d80000,0x0000000787d80000,0x0000000788500000)
  to   space 7680K, 0% used [0x0000000787600000,0x0000000787600000,0x0000000787d80000)
 ParOldGen       total 126976K, used 45162K [0x0000000704400000, 0x000000070c000000, 0x0000000781700000)
  object space 126976K, 35% used [0x0000000704400000,0x000000070701aa88,0x000000070c000000)
 Metaspace       used 37108K, capacity 38208K, committed 38656K, reserved 1083392K
  class space    used 4351K, capacity 4751K, committed 4864K, reserved 1048576K
GC Heap History (10 events):
Event: 6.224 GC heap before
{Heap before GC invocations=8 (full 1):
 PSYoungGen      total 104960K, used 7680K [0x0000000781700000, 0x0000000788500000, 0x00000007c0000000)
  eden space 97280K, 0% used [0x0000000781700000,0x0000000781700000,0x0000000787600000)
  from space 7680K, 100% used [0x0000000787600000,0x0000000787d80000,0x0000000787d80000)
  to   space 7680K, 0% used [0x0000000787d80000,0x0000000787d80000,0x0000000788500000)
 ParOldGen       total 128512K, used 35423K [0x0000000704400000, 0x000000070c180000, 0x0000000781700000)
  object space 128512K, 27% used [0x0000000704400000,0x0000000706697df8,0x000000070c180000)
 Metaspace       used 20750K, capacity 21088K, committed 21296K, reserved 1069056K
  class space    used 2248K, capacity 2354K, committed 2432K, reserved 1048576K
Event: 6.471 GC heap after
Heap after GC invocations=8 (full 1):
 PSYoungGen      total 104960K, used 0K [0x0000000781700000, 0x0000000788500000, 0x00000007c0000000)
  eden space 97280K, 0% used [0x0000000781700000,0x0000000781700000,0x0000000787600000)
  from space 7680K, 0% used [0x0000000787600000,0x0000000787600000,0x0000000787d80000)
  to   space 7680K, 0% used [0x0000000787d80000,0x0000000787d80000,0x0000000788500000)
 ParOldGen       total 126976K, used 37760K [0x0000000704400000, 0x000000070c000000, 0x0000000781700000)
  object space 126976K, 29% used [0x0000000704400000,0x00000007068e01f8,0x000000070c000000)
 Metaspace       used 20750K, capacity 21088K, committed 21296K, reserved 1069056K
  class space    used 2248K, capacity 2354K, committed 2432K, reserved 1048576K
}
Event: 7.792 GC heap before
{Heap before GC invocations=9 (full 1):
 PSYoungGen      total 104960K, used 97280K [0x0000000781700000, 0x0000000788500000, 0x00000007c0000000)
  eden space 97280K, 100% used [0x0000000781700000,0x0000000787600000,0x0000000787600000)
  from space 7680K, 0% used [0x0000000787600000,0x0000000787600000,0x0000000787d80000)
  to   space 7680K, 0% used [0x0000000787d80000,0x0000000787d80000,0x0000000788500000)
 ParOldGen       total 126976K, used 37760K [0x0000000704400000, 0x000000070c000000, 0x0000000781700000)
  object space 126976K, 29% used [0x0000000704400000,0x00000007068e01f8,0x000000070c000000)
 Metaspace       used 27109K, capacity 28012K, committed 28288K, reserved 1075200K
  class space    used 3131K, capacity 3431K, committed 3456K, reserved 1048576K
Event: 7.804 GC heap after
Heap after GC invocations=9 (full 1):
 PSYoungGen      total 104960K, used 7648K [0x0000000781700000, 0x0000000788500000, 0x00000007c0000000)
  eden space 97280K, 0% used [0x0000000781700000,0x0000000781700000,0x0000000787600000)
  from space 7680K, 99% used [0x0000000787d80000,0x00000007884f8040,0x0000000788500000)
  to   space 7680K, 0% used [0x0000000787600000,0x0000000787600000,0x0000000787d80000)
 ParOldGen       total 126976K, used 43293K [0x0000000704400000, 0x000000070c000000, 0x0000000781700000)
  object space 126976K, 34% used [0x0000000704400000,0x0000000706e47568,0x000000070c000000)
 Metaspace       used 27109K, capacity 28012K, committed 28288K, reserved 1075200K
  class space    used 3131K, capacity 3431K, committed 3456K, reserved 1048576K
}
Event: 8.609 GC heap before
{Heap before GC invocations=10 (full 1):
 PSYoungGen      total 104960K, used 104928K [0x0000000781700000, 0x0000000788500000, 0x00000007c0000000)
  eden space 97280K, 100% used [0x0000000781700000,0x0000000787600000,0x0000000787600000)
  from space 7680K, 99% used [0x0000000787d80000,0x00000007884f8040,0x0000000788500000)
  to   space 7680K, 0% used [0x0000000787600000,0x0000000787600000,0x0000000787d80000)
 ParOldGen       total 126976K, used 43293K [0x0000000704400000, 0x000000070c000000, 0x0000000781700000)
  object space 126976K, 34% used [0x0000000704400000,0x0000000706e47568,0x000000070c000000)
 Metaspace       used 32771K, capacity 34110K, committed 34304K, reserved 1079296K
  class space    used 3874K, capacity 4268K, committed 4352K, reserved 1048576K
Event: 8.637 GC heap after
Heap after GC invocations=10 (full 1):
 PSYoungGen      total 104960K, used 7648K [0x0000000781700000, 0x0000000788500000, 0x00000007c0000000)
  eden space 97280K, 0% used [0x0000000781700000,0x0000000781700000,0x0000000787600000)
  from space 7680K, 99% used [0x0000000787600000,0x0000000787d78040,0x0000000787d80000)
  to   space 7680K, 0% used [0x0000000787d80000,0x0000000787d80000,0x0000000788500000)
 ParOldGen       total 126976K, used 48437K [0x0000000704400000, 0x000000070c000000, 0x0000000781700000)
  object space 126976K, 38% used [0x0000000704400000,0x000000070734d510,0x000000070c000000)
 Metaspace       used 32771K, capacity 34110K, committed 34304K, reserved 1079296K
  class space    used 3874K, capacity 4268K, committed 4352K, reserved 1048576K
}
Event: 8.857 GC heap before
{Heap before GC invocations=11 (full 1):
 PSYoungGen      total 104960K, used 24240K [0x0000000781700000, 0x0000000788500000, 0x00000007c0000000)
  eden space 97280K, 17% used [0x0000000781700000,0x0000000782734118,0x0000000787600000)
  from space 7680K, 99% used [0x0000000787600000,0x0000000787d78040,0x0000000787d80000)
  to   space 7680K, 0% used [0x0000000787d80000,0x0000000787d80000,0x0000000788500000)
 ParOldGen       total 126976K, used 48437K [0x0000000704400000, 0x000000070c000000, 0x0000000781700000)
  object space 126976K, 38% used [0x0000000704400000,0x000000070734d510,0x000000070c000000)
 Metaspace       used 34025K, capacity 35402K, committed 35456K, reserved 1081344K
  class space    used 4026K, capacity 4444K, committed 4480K, reserved 1048576K
Event: 8.881 GC heap after
Heap after GC invocations=11 (full 1):
 PSYoungGen      total 104960K, used 2426K [0x0000000781700000, 0x0000000788500000, 0x00000007c0000000)
  eden space 97280K, 0% used [0x0000000781700000,0x0000000781700000,0x0000000787600000)
  from space 7680K, 31% used [0x0000000787d80000,0x0000000787fde870,0x0000000788500000)
  to   space 7680K, 0% used [0x0000000787600000,0x0000000787600000,0x0000000787d80000)
 ParOldGen       total 126976K, used 54914K [0x0000000704400000, 0x000000070c000000, 0x0000000781700000)
  object space 126976K, 43% used [0x0000000704400000,0x00000007079a0830,0x000000070c000000)
 Metaspace       used 34025K, capacity 35402K, committed 35456K, reserved 1081344K
  class space    used 4026K, capacity 4444K, committed 4480K, reserved 1048576K
}
Event: 8.881 GC heap before
{Heap before GC invocations=12 (full 2):
 PSYoungGen      total 104960K, used 2426K [0x0000000781700000, 0x0000000788500000, 0x00000007c0000000)
  eden space 97280K, 0% used [0x0000000781700000,0x0000000781700000,0x0000000787600000)
  from space 7680K, 31% used [0x0000000787d80000,0x0000000787fde870,0x0000000788500000)
  to   space 7680K, 0% used [0x0000000787600000,0x0000000787600000,0x0000000787d80000)
 ParOldGen       total 126976K, used 54914K [0x0000000704400000, 0x000000070c000000, 0x0000000781700000)
  object space 126976K, 43% used [0x0000000704400000,0x00000007079a0830,0x000000070c000000)
 Metaspace       used 34025K, capacity 35402K, committed 35456K, reserved 1081344K
  class space    used 4026K, capacity 4444K, committed 4480K, reserved 1048576K
Event: 9.086 GC heap after
Heap after GC invocations=12 (full 2):
 PSYoungGen      total 104960K, used 0K [0x0000000781700000, 0x0000000788500000, 0x00000007c0000000)
  eden space 97280K, 0% used [0x0000000781700000,0x0000000781700000,0x0000000787600000)
  from space 7680K, 0% used [0x0000000787d80000,0x0000000787d80000,0x0000000788500000)
  to   space 7680K, 0% used [0x0000000787600000,0x0000000787600000,0x0000000787d80000)
 ParOldGen       total 126976K, used 45162K [0x0000000704400000, 0x000000070c000000, 0x0000000781700000)
  object space 126976K, 35% used [0x0000000704400000,0x000000070701aa88,0x000000070c000000)
 Metaspace       used 33857K, capacity 34976K, committed 35456K, reserved 1081344K
  class space    used 3966K, capacity 4335K, committed 4480K, reserved 1048576K
}

