# JRE version: OpenJDK Runtime Environment (8.0_212) (build 1.8.0_212-8u-04)
# Java VM: OpenJDK 64-Bit Server VM (25.212-b04 mixed mode windows-amd64 compressed oops)
Heap:
 PSYoungGen      total 104960K, used 15608K [0x0000000781700000, 0x0000000788500000, 0x00000007c0000000)
  eden space 97280K, 16% used [0x0000000781700000,0x000000078263e040,0x0000000787600000)
  from space 7680K, 0% used [0x0000000787600000,0x0000000787600000,0x0000000787d80000)
  to   space 7680K, 0% used [0x0000000787d80000,0x0000000787d80000,0x0000000788500000)
 ParOldGen       total 117248K, used 33153K [0x0000000704400000, 0x000000070b680000, 0x0000000781700000)
  object space 117248K, 28% used [0x0000000704400000,0x0000000706460488,0x000000070b680000)
 Metaspace       used 21477K, capacity 21960K, committed 22192K, reserved 1069056K
  class space    used 2343K, capacity 2480K, committed 2560K, reserved 1048576K
GC Heap History (10 events):
Event: 2.645 GC heap before
{Heap before GC invocations=4 (full 0):
 PSYoungGen      total 56320K, used 56304K [0x0000000781700000, 0x0000000788500000, 0x00000007c0000000)
  eden space 48640K, 100% used [0x0000000781700000,0x0000000784680000,0x0000000784680000)
  from space 7680K, 99% used [0x0000000784680000,0x0000000784dfc030,0x0000000784e00000)
  to   space 7680K, 0% used [0x0000000787d80000,0x0000000787d80000,0x0000000788500000)
 ParOldGen       total 128512K, used 7706K [0x0000000704400000, 0x000000070c180000, 0x0000000781700000)
  object space 128512K, 5% used [0x0000000704400000,0x0000000704b86bc8,0x000000070c180000)
 Metaspace       used 15670K, capacity 15870K, committed 16000K, reserved 1062912K
  class space    used 1823K, capacity 1917K, committed 1920K, reserved 1048576K
Event: 2.661 GC heap after
Heap after GC invocations=4 (full 0):
 PSYoungGen      total 104960K, used 7648K [0x0000000781700000, 0x0000000788500000, 0x00000007c0000000)
  eden space 97280K, 0% used [0x0000000781700000,0x0000000781700000,0x0000000787600000)
  from space 7680K, 99% used [0x0000000787d80000,0x00000007884f8020,0x0000000788500000)
  to   space 7680K, 0% used [0x0000000787600000,0x0000000787600000,0x0000000787d80000)
 ParOldGen       total 128512K, used 12566K [0x0000000704400000, 0x000000070c180000, 0x0000000781700000)
  object space 128512K, 9% used [0x0000000704400000,0x0000000705045bd8,0x000000070c180000)
 Metaspace       used 15670K, capacity 15870K, committed 16000K, reserved 1062912K
  class space    used 1823K, capacity 1917K, committed 1920K, reserved 1048576K
}
Event: 3.436 GC heap before
{Heap before GC invocations=5 (full 0):
 PSYoungGen      total 104960K, used 104928K [0x0000000781700000, 0x0000000788500000, 0x00000007c0000000)
  eden space 97280K, 100% used [0x0000000781700000,0x0000000787600000,0x0000000787600000)
  from space 7680K, 99% used [0x0000000787d80000,0x00000007884f8020,0x0000000788500000)
  to   space 7680K, 0% used [0x0000000787600000,0x0000000787600000,0x0000000787d80000)
 ParOldGen       total 128512K, used 12566K [0x0000000704400000, 0x000000070c180000, 0x0000000781700000)
  object space 128512K, 9% used [0x0000000704400000,0x0000000705045bd8,0x000000070c180000)
 Metaspace       used 16138K, capacity 16400K, committed 16512K, reserved 1064960K
  class space    used 1826K, capacity 1920K, committed 1920K, reserved 1048576K
Event: 3.459 GC heap after
Heap after GC invocations=5 (full 0):
 PSYoungGen      total 104960K, used 7664K [0x0000000781700000, 0x0000000788500000, 0x00000007c0000000)
  eden space 97280K, 0% used [0x0000000781700000,0x0000000781700000,0x0000000787600000)
  from space 7680K, 99% used [0x0000000787600000,0x0000000787d7c030,0x0000000787d80000)
  to   space 7680K, 0% used [0x0000000787d80000,0x0000000787d80000,0x0000000788500000)
 ParOldGen       total 128512K, used 19174K [0x0000000704400000, 0x000000070c180000, 0x0000000781700000)
  object space 128512K, 14% used [0x0000000704400000,0x00000007056b9bf8,0x000000070c180000)
 Metaspace       used 16138K, capacity 16400K, committed 16512K, reserved 1064960K
  class space    used 1826K, capacity 1920K, committed 1920K, reserved 1048576K
}
Event: 4.792 GC heap before
{Heap before GC invocations=6 (full 0):
 PSYoungGen      total 104960K, used 104944K [0x0000000781700000, 0x0000000788500000, 0x00000007c0000000)
  eden space 97280K, 100% used [0x0000000781700000,0x0000000787600000,0x0000000787600000)
  from space 7680K, 99% used [0x0000000787600000,0x0000000787d7c030,0x0000000787d80000)
  to   space 7680K, 0% used [0x0000000787d80000,0x0000000787d80000,0x0000000788500000)
 ParOldGen       total 128512K, used 19174K [0x0000000704400000, 0x000000070c180000, 0x0000000781700000)
  object space 128512K, 14% used [0x0000000704400000,0x00000007056b9bf8,0x000000070c180000)
 Metaspace       used 16874K, capacity 17286K, committed 17408K, reserved 1064960K
  class space    used 1904K, capacity 2022K, committed 2048K, reserved 1048576K
Event: 4.817 GC heap after
Heap after GC invocations=6 (full 0):
 PSYoungGen      total 104960K, used 7664K [0x0000000781700000, 0x0000000788500000, 0x00000007c0000000)
  eden space 97280K, 0% used [0x0000000781700000,0x0000000781700000,0x0000000787600000)
  from space 7680K, 99% used [0x0000000787d80000,0x00000007884fc050,0x0000000788500000)
  to   space 7680K, 0% used [0x0000000787600000,0x0000000787600000,0x0000000787d80000)
 ParOldGen       total 128512K, used 27310K [0x0000000704400000, 0x000000070c180000, 0x0000000781700000)
  object space 128512K, 21% used [0x0000000704400000,0x0000000705eab898,0x000000070c180000)
 Metaspace       used 16874K, capacity 17286K, committed 17408K, reserved 1064960K
  class space    used 1904K, capacity 2022K, committed 2048K, reserved 1048576K
}
Event: 5.331 GC heap before
{Heap before GC invocations=7 (full 0):
 PSYoungGen      total 104960K, used 46694K [0x0000000781700000, 0x0000000788500000, 0x00000007c0000000)
  eden space 97280K, 40% used [0x0000000781700000,0x0000000783d1d960,0x0000000787600000)
  from space 7680K, 99% used [0x0000000787d80000,0x00000007884fc050,0x0000000788500000)
  to   space 7680K, 0% used [0x0000000787600000,0x0000000787600000,0x0000000787d80000)
 ParOldGen       total 128512K, used 27310K [0x0000000704400000, 0x000000070c180000, 0x0000000781700000)
  object space 128512K, 21% used [0x0000000704400000,0x0000000705eab898,0x000000070c180000)
 Metaspace       used 20759K, capacity 21138K, committed 21296K, reserved 1069056K
  class space    used 2255K, capacity 2350K, committed 2432K, reserved 1048576K
Event: 5.354 GC heap after
Heap after GC invocations=7 (full 0):
 PSYoungGen      total 104960K, used 7653K [0x0000000781700000, 0x0000000788500000, 0x00000007c0000000)
  eden space 97280K, 0% used [0x0000000781700000,0x0000000781700000,0x0000000787600000)
  from space 7680K, 99% used [0x0000000787600000,0x0000000787d79690,0x0000000787d80000)
  to   space 7680K, 0% used [0x0000000787d80000,0x0000000787d80000,0x0000000788500000)
 ParOldGen       total 128512K, used 31778K [0x0000000704400000, 0x000000070c180000, 0x0000000781700000)
  object space 128512K, 24% used [0x0000000704400000,0x0000000706308ba0,0x000000070c180000)
 Metaspace       used 20759K, capacity 21138K, committed 21296K, reserved 1069056K
  class space    used 2255K, capacity 2350K, committed 2432K, reserved 1048576K
}
Event: 5.354 GC heap before
{Heap before GC invocations=8 (full 1):
 PSYoungGen      total 104960K, used 7653K [0x0000000781700000, 0x0000000788500000, 0x00000007c0000000)
  eden space 97280K, 0% used [0x0000000781700000,0x0000000781700000,0x0000000787600000)
  from space 7680K, 99% used [0x0000000787600000,0x0000000787d79690,0x0000000787d80000)
  to   space 7680K, 0% used [0x0000000787d80000,0x0000000787d80000,0x0000000788500000)
 ParOldGen       total 128512K, used 31778K [0x0000000704400000, 0x000000070c180000, 0x0000000781700000)
  object space 128512K, 24% used [0x0000000704400000,0x0000000706308ba0,0x000000070c180000)
 Metaspace       used 20759K, capacity 21138K, committed 21296K, reserved 1069056K
  class space    used 2255K, capacity 2350K, committed 2432K, reserved 1048576K
Event: 5.530 GC heap after
Heap after GC invocations=8 (full 1):
 PSYoungGen      total 104960K, used 0K [0x0000000781700000, 0x0000000788500000, 0x00000007c0000000)
  eden space 97280K, 0% used [0x0000000781700000,0x0000000781700000,0x0000000787600000)
  from space 7680K, 0% used [0x0000000787600000,0x0000000787600000,0x0000000787d80000)
  to   space 7680K, 0% used [0x0000000787d80000,0x0000000787d80000,0x0000000788500000)
 ParOldGen       total 117248K, used 33153K [0x0000000704400000, 0x000000070b680000, 0x0000000781700000)
  object space 117248K, 28% used [0x0000000704400000,0x0000000706460488,0x000000070b680000)
 Metaspace       used 20759K, capacity 21138K, committed 21296K, reserved 1069056K
  class space    used 2255K, capacity 2350K, committed 2432K, reserved 1048576K
}

