# JRE version: OpenJDK Runtime Environment (8.0_212) (build 1.8.0_212-8u-04)
# Java VM: OpenJDK 64-Bit Server VM (25.212-b04 mixed mode windows-amd64 compressed oops)
Heap:
 PSYoungGen      total 104960K, used 17464K [0x0000000781700000, 0x0000000788500000, 0x00000007c0000000)
  eden space 97280K, 17% used [0x0000000781700000,0x000000078280e0a8,0x0000000787600000)
  from space 7680K, 0% used [0x0000000787600000,0x0000000787600000,0x0000000787d80000)
  to   space 7680K, 0% used [0x0000000787d80000,0x0000000787d80000,0x0000000788500000)
 ParOldGen       total 119296K, used 34257K [0x0000000704400000, 0x000000070b880000, 0x0000000781700000)
  object space 119296K, 28% used [0x0000000704400000,0x0000000706574748,0x000000070b880000)
 Metaspace       used 21525K, capacity 21966K, committed 22192K, reserved 1069056K
  class space    used 2353K, capacity 2482K, committed 2560K, reserved 1048576K
GC Heap History (10 events):
Event: 2.846 GC heap before
{Heap before GC invocations=4 (full 0):
 PSYoungGen      total 56320K, used 56311K [0x0000000781700000, 0x0000000788500000, 0x00000007c0000000)
  eden space 48640K, 100% used [0x0000000781700000,0x0000000784680000,0x0000000784680000)
  from space 7680K, 99% used [0x0000000784680000,0x0000000784dfdfd0,0x0000000784e00000)
  to   space 7680K, 0% used [0x0000000787d80000,0x0000000787d80000,0x0000000788500000)
 ParOldGen       total 128512K, used 7602K [0x0000000704400000, 0x000000070c180000, 0x0000000781700000)
  object space 128512K, 5% used [0x0000000704400000,0x0000000704b6cbd0,0x000000070c180000)
 Metaspace       used 15665K, capacity 15870K, committed 16000K, reserved 1062912K
  class space    used 1823K, capacity 1917K, committed 1920K, reserved 1048576K
Event: 2.862 GC heap after
Heap after GC invocations=4 (full 0):
 PSYoungGen      total 104960K, used 7648K [0x0000000781700000, 0x0000000788500000, 0x00000007c0000000)
  eden space 97280K, 0% used [0x0000000781700000,0x0000000781700000,0x0000000787600000)
  from space 7680K, 99% used [0x0000000787d80000,0x00000007884f8020,0x0000000788500000)
  to   space 7680K, 0% used [0x0000000787600000,0x0000000787600000,0x0000000787d80000)
 ParOldGen       total 128512K, used 12524K [0x0000000704400000, 0x000000070c180000, 0x0000000781700000)
  object space 128512K, 9% used [0x0000000704400000,0x000000070503b2c8,0x000000070c180000)
 Metaspace       used 15665K, capacity 15870K, committed 16000K, reserved 1062912K
  class space    used 1823K, capacity 1917K, committed 1920K, reserved 1048576K
}
Event: 3.584 GC heap before
{Heap before GC invocations=5 (full 0):
 PSYoungGen      total 104960K, used 104928K [0x0000000781700000, 0x0000000788500000, 0x00000007c0000000)
  eden space 97280K, 100% used [0x0000000781700000,0x0000000787600000,0x0000000787600000)
  from space 7680K, 99% used [0x0000000787d80000,0x00000007884f8020,0x0000000788500000)
  to   space 7680K, 0% used [0x0000000787600000,0x0000000787600000,0x0000000787d80000)
 ParOldGen       total 128512K, used 12524K [0x0000000704400000, 0x000000070c180000, 0x0000000781700000)
  object space 128512K, 9% used [0x0000000704400000,0x000000070503b2c8,0x000000070c180000)
 Metaspace       used 16095K, capacity 16336K, committed 16512K, reserved 1064960K
  class space    used 1826K, capacity 1920K, committed 1920K, reserved 1048576K
Event: 3.606 GC heap after
Heap after GC invocations=5 (full 0):
 PSYoungGen      total 104960K, used 7648K [0x0000000781700000, 0x0000000788500000, 0x00000007c0000000)
  eden space 97280K, 0% used [0x0000000781700000,0x0000000781700000,0x0000000787600000)
  from space 7680K, 99% used [0x0000000787600000,0x0000000787d78020,0x0000000787d80000)
  to   space 7680K, 0% used [0x0000000787d80000,0x0000000787d80000,0x0000000788500000)
 ParOldGen       total 128512K, used 18916K [0x0000000704400000, 0x000000070c180000, 0x0000000781700000)
  object space 128512K, 14% used [0x0000000704400000,0x00000007056792c8,0x000000070c180000)
 Metaspace       used 16095K, capacity 16336K, committed 16512K, reserved 1064960K
  class space    used 1826K, capacity 1920K, committed 1920K, reserved 1048576K
}
Event: 4.690 GC heap before
{Heap before GC invocations=6 (full 0):
 PSYoungGen      total 104960K, used 104928K [0x0000000781700000, 0x0000000788500000, 0x00000007c0000000)
  eden space 97280K, 100% used [0x0000000781700000,0x0000000787600000,0x0000000787600000)
  from space 7680K, 99% used [0x0000000787600000,0x0000000787d78020,0x0000000787d80000)
  to   space 7680K, 0% used [0x0000000787d80000,0x0000000787d80000,0x0000000788500000)
 ParOldGen       total 128512K, used 18916K [0x0000000704400000, 0x000000070c180000, 0x0000000781700000)
  object space 128512K, 14% used [0x0000000704400000,0x00000007056792c8,0x000000070c180000)
 Metaspace       used 16864K, capacity 17286K, committed 17408K, reserved 1064960K
  class space    used 1904K, capacity 2022K, committed 2048K, reserved 1048576K
Event: 4.724 GC heap after
Heap after GC invocations=6 (full 0):
 PSYoungGen      total 104960K, used 7664K [0x0000000781700000, 0x0000000788500000, 0x00000007c0000000)
  eden space 97280K, 0% used [0x0000000781700000,0x0000000781700000,0x0000000787600000)
  from space 7680K, 99% used [0x0000000787d80000,0x00000007884fc010,0x0000000788500000)
  to   space 7680K, 0% used [0x0000000787600000,0x0000000787600000,0x0000000787d80000)
 ParOldGen       total 128512K, used 26965K [0x0000000704400000, 0x000000070c180000, 0x0000000781700000)
  object space 128512K, 20% used [0x0000000704400000,0x0000000705e55590,0x000000070c180000)
 Metaspace       used 16864K, capacity 17286K, committed 17408K, reserved 1064960K
  class space    used 1904K, capacity 2022K, committed 2048K, reserved 1048576K
}
Event: 5.193 GC heap before
{Heap before GC invocations=7 (full 0):
 PSYoungGen      total 104960K, used 52326K [0x0000000781700000, 0x0000000788500000, 0x00000007c0000000)
  eden space 97280K, 45% used [0x0000000781700000,0x000000078429d930,0x0000000787600000)
  from space 7680K, 99% used [0x0000000787d80000,0x00000007884fc010,0x0000000788500000)
  to   space 7680K, 0% used [0x0000000787600000,0x0000000787600000,0x0000000787d80000)
 ParOldGen       total 128512K, used 26965K [0x0000000704400000, 0x000000070c180000, 0x0000000781700000)
  object space 128512K, 20% used [0x0000000704400000,0x0000000705e55590,0x000000070c180000)
 Metaspace       used 20762K, capacity 21138K, committed 21296K, reserved 1069056K
  class space    used 2255K, capacity 2350K, committed 2432K, reserved 1048576K
Event: 5.216 GC heap after
Heap after GC invocations=7 (full 0):
 PSYoungGen      total 104960K, used 7680K [0x0000000781700000, 0x0000000788500000, 0x00000007c0000000)
  eden space 97280K, 0% used [0x0000000781700000,0x0000000781700000,0x0000000787600000)
  from space 7680K, 100% used [0x0000000787600000,0x0000000787d80000,0x0000000787d80000)
  to   space 7680K, 0% used [0x0000000787d80000,0x0000000787d80000,0x0000000788500000)
 ParOldGen       total 128512K, used 31598K [0x0000000704400000, 0x000000070c180000, 0x0000000781700000)
  object space 128512K, 24% used [0x0000000704400000,0x00000007062dbac0,0x000000070c180000)
 Metaspace       used 20762K, capacity 21138K, committed 21296K, reserved 1069056K
  class space    used 2255K, capacity 2350K, committed 2432K, reserved 1048576K
}
Event: 5.216 GC heap before
{Heap before GC invocations=8 (full 1):
 PSYoungGen      total 104960K, used 7680K [0x0000000781700000, 0x0000000788500000, 0x00000007c0000000)
  eden space 97280K, 0% used [0x0000000781700000,0x0000000781700000,0x0000000787600000)
  from space 7680K, 100% used [0x0000000787600000,0x0000000787d80000,0x0000000787d80000)
  to   space 7680K, 0% used [0x0000000787d80000,0x0000000787d80000,0x0000000788500000)
 ParOldGen       total 128512K, used 31598K [0x0000000704400000, 0x000000070c180000, 0x0000000781700000)
  object space 128512K, 24% used [0x0000000704400000,0x00000007062dbac0,0x000000070c180000)
 Metaspace       used 20762K, capacity 21138K, committed 21296K, reserved 1069056K
  class space    used 2255K, capacity 2350K, committed 2432K, reserved 1048576K
Event: 5.421 GC heap after
Heap after GC invocations=8 (full 1):
 PSYoungGen      total 104960K, used 0K [0x0000000781700000, 0x0000000788500000, 0x00000007c0000000)
  eden space 97280K, 0% used [0x0000000781700000,0x0000000781700000,0x0000000787600000)
  from space 7680K, 0% used [0x0000000787600000,0x0000000787600000,0x0000000787d80000)
  to   space 7680K, 0% used [0x0000000787d80000,0x0000000787d80000,0x0000000788500000)
 ParOldGen       total 119296K, used 34257K [0x0000000704400000, 0x000000070b880000, 0x0000000781700000)
  object space 119296K, 28% used [0x0000000704400000,0x0000000706574748,0x000000070b880000)
 Metaspace       used 20762K, capacity 21138K, committed 21296K, reserved 1069056K
  class space    used 2255K, capacity 2350K, committed 2432K, reserved 1048576K
}

